Log file open, 10/11/19 22:24:03
LogWindows: Failed to load 'aqProf.dll' (GetLastError=126)
LogWindows: File 'aqProf.dll' does not exist
LogWindows: Failed to load 'VtuneApi.dll' (GetLastError=126)
LogWindows: File 'VtuneApi.dll' does not exist
LogWindows: Failed to load 'VtuneApi32e.dll' (GetLastError=126)
LogWindows: File 'VtuneApi32e.dll' does not exist
LogConsoleResponse: Display: Failed to find resolution value strings in scalability ini. Falling back to default.
LogInit: Display: Running engine for game: MyProject
LogPlatformFile: Not using cached read wrapper
LogTaskGraph: Started task graph with 5 named threads and 14 total threads with 3 sets of task threads.
LogStats: Stats thread started at 0.060607
LogD3D11RHI: Loaded GFSDK_Aftermath_Lib.x64.dll
LogICUInternationalization: ICU TimeZone Detection - Raw Offset: -6:00, Platform Override: ''
LogPluginManager: Mounting plugin Paper2D
LogPluginManager: Mounting plugin AISupport
LogPluginManager: Mounting plugin LightPropagationVolume
LogPluginManager: Mounting plugin ActorLayerUtilities
LogPluginManager: Mounting plugin AnimationSharing
LogPluginManager: Mounting plugin CLionSourceCodeAccess
LogPluginManager: Mounting plugin CodeLiteSourceCodeAccess
LogPluginManager: Mounting plugin GitSourceControl
LogPluginManager: Mounting plugin KDevelopSourceCodeAccess
LogPluginManager: Mounting plugin NullSourceCodeAccess
LogPluginManager: Mounting plugin PerforceSourceControl
LogPluginManager: Mounting plugin SubversionSourceControl
LogPluginManager: Mounting plugin UObjectPlugin
LogPluginManager: Mounting plugin VisualStudioCodeSourceCodeAccess
LogPluginManager: Mounting plugin VisualStudioSourceCodeAccess
LogPluginManager: Mounting plugin XCodeSourceCodeAccess
LogPluginManager: Mounting plugin AssetManagerEditor
LogPluginManager: Mounting plugin CryptoKeys
LogPluginManager: Mounting plugin CurveEditorTools
LogPluginManager: Mounting plugin DataValidation
LogPluginManager: Mounting plugin FacialAnimation
LogPluginManager: Mounting plugin GameplayTagsEditor
LogPluginManager: Mounting plugin MacGraphicsSwitching
LogPluginManager: Mounting plugin MaterialAnalyzer
LogPluginManager: Mounting plugin MobileLauncherProfileWizard
LogPluginManager: Mounting plugin PluginBrowser
LogPluginManager: Mounting plugin SpeedTreeImporter
LogPluginManager: Mounting plugin DatasmithContent
LogPluginManager: Mounting plugin VariantManagerContent
LogPluginManager: Mounting plugin AlembicImporter
LogPluginManager: Mounting plugin AutomationUtils
LogPluginManager: Mounting plugin BackChannel
LogPluginManager: Mounting plugin CharacterAI
LogPluginManager: Mounting plugin GeometryCache
LogPluginManager: Mounting plugin HTML5Networking
LogPluginManager: Mounting plugin PlatformCrypto
LogPluginManager: Mounting plugin ProxyLODPlugin
LogPluginManager: Mounting plugin SkeletalReduction
LogPluginManager: Mounting plugin MagicLeap
LogPluginManager: Mounting plugin MagicLeapMedia
LogPluginManager: Mounting plugin AndroidMedia
LogPluginManager: Mounting plugin AvfMedia
LogPluginManager: Mounting plugin ImgMedia
LogPluginManager: Mounting plugin MediaCompositing
LogPluginManager: Mounting plugin MediaPlayerEditor
LogPluginManager: Mounting plugin WebMMedia
LogPluginManager: Mounting plugin WmfMedia
LogPluginManager: Mounting plugin TcpMessaging
LogPluginManager: Mounting plugin UdpMessaging
LogPluginManager: Mounting plugin ActorSequence
LogPluginManager: Mounting plugin LevelSequenceEditor
LogPluginManager: Mounting plugin MatineeToLevelSequence
LogPluginManager: Mounting plugin NetcodeUnitTest
LogPluginManager: Mounting plugin NUTUnrealEngine4
LogPluginManager: Mounting plugin OnlineSubsystemGooglePlay
LogPluginManager: Mounting plugin OnlineSubsystemIOS
LogPluginManager: Mounting plugin OnlineSubsystem
LogPluginManager: Mounting plugin OnlineSubsystemNull
LogPluginManager: Mounting plugin OnlineSubsystemUtils
LogPluginManager: Mounting plugin LauncherChunkInstaller
LogPluginManager: Mounting plugin AndroidDeviceProfileSelector
LogPluginManager: Mounting plugin AndroidMoviePlayer
LogPluginManager: Mounting plugin AndroidPermission
LogPluginManager: Mounting plugin AppleImageUtils
LogPluginManager: Mounting plugin AppleMoviePlayer
LogPluginManager: Mounting plugin ArchVisCharacter
LogPluginManager: Mounting plugin AudioCapture
LogPluginManager: Mounting plugin CableComponent
LogPluginManager: Mounting plugin CustomMeshComponent
LogPluginManager: Mounting plugin EditableMesh
LogPluginManager: Mounting plugin ExampleDeviceProfileSelector
LogPluginManager: Mounting plugin GoogleCloudMessaging
LogPluginManager: Mounting plugin IOSDeviceProfileSelector
LogPluginManager: Mounting plugin LinuxDeviceProfileSelector
LogPluginManager: Mounting plugin LocationServicesBPLibrary
LogPluginManager: Mounting plugin MobilePatchingUtils
LogPluginManager: Mounting plugin OculusVR
LogPluginManager: Mounting plugin PhysXVehicles
LogPluginManager: Mounting plugin ProceduralMeshComponent
LogPluginManager: Mounting plugin RuntimePhysXCooking
LogPluginManager: Mounting plugin SignificanceManager
LogPluginManager: Mounting plugin SteamVR
LogPluginManager: Mounting plugin WebMMoviePlayer
LogPluginManager: Mounting plugin WindowsMoviePlayer
LogPluginManager: Mounting plugin ScreenshotTools
LogInit: Using libcurl 7.55.1-DEV
LogInit:  - built for x86_64-pc-win32
LogInit:  - supports SSL with OpenSSL/1.1.1
LogInit:  - supports HTTP deflate (compression) using libz 1.2.8
LogInit:  - other features:
LogInit:      CURL_VERSION_SSL
LogInit:      CURL_VERSION_LIBZ
LogInit:      CURL_VERSION_IPV6
LogInit:      CURL_VERSION_ASYNCHDNS
LogInit:      CURL_VERSION_LARGEFILE
LogInit:      CURL_VERSION_IDN
LogInit:  CurlRequestOptions (configurable via config and command line):
LogInit:  - bVerifyPeer = true  - Libcurl will verify peer certificate
LogInit:  - bUseHttpProxy = false  - Libcurl will NOT use HTTP proxy
LogInit:  - bDontReuseConnections = false  - Libcurl will reuse connections
LogInit:  - MaxHostConnections = 16  - Libcurl will limit the number of connections to a host
LogInit:  - LocalHostAddr = Default
LogInit:  - BufferSize = 65536
LogOnline: OSS: Creating online subsystem instance for: NULL
LogInit: WinSock: version 1.1 (2.2), MaxSocks=32767, MaxUdp=65467
LogInit: Build: ++UE4+Release-4.23-CL-8386587
LogInit: Engine Version: 4.23.0-8386587+++UE4+Release-4.23
LogInit: Compatible Engine Version: 4.23.0-8386587+++UE4+Release-4.23
LogInit: Net CL: 8386587
LogInit: OS: Windows 10 (Release 1903) (), CPU: Intel(R) Core(TM) i5-4690K CPU @ 3.50GHz, GPU: NVIDIA GeForce GTX 1060 6GB
LogInit: Compiled (64-bit): Aug 31 2019 02:04:44
LogInit: Compiled with Visual C++: 19.16.27030.01
LogInit: Build Configuration: Development
LogInit: Branch Name: ++UE4+Release-4.23
LogInit: Command Line:  -EpicPortal -epicusername=CryingOnion15 -epicuserid=7c5f37177b644fee89ad296b286bc11d -epiclocale=en-US
LogInit: Base Directory: F:/UE_4.23/Engine/Binaries/Win64/
LogInit: Installed Engine Build: 1
LogDevObjectVersion: Number of dev versions registered: 23
LogDevObjectVersion:   Dev-Blueprints (B0D832E4-1F89-4F0D-ACCF-7EB736FD4AA2): 10
LogDevObjectVersion:   Dev-Build (E1C64328-A22C-4D53-A36C-8E866417BD8C): 0
LogDevObjectVersion:   Dev-Core (375EC13C-06E4-48FB-B500-84F0262A717E): 3
LogDevObjectVersion:   Dev-Editor (E4B068ED-F494-42E9-A231-DA0B2E46BB41): 34
LogDevObjectVersion:   Dev-Framework (CFFC743F-43B0-4480-9391-14DF171D2073): 35
LogDevObjectVersion:   Dev-Mobile (B02B49B5-BB20-44E9-A304-32B752E40360): 2
LogDevObjectVersion:   Dev-Networking (A4E4105C-59A1-49B5-A7C5-40C4547EDFEE): 0
LogDevObjectVersion:   Dev-Online (39C831C9-5AE6-47DC-9A44-9C173E1C8E7C): 0
LogDevObjectVersion:   Dev-Physics (78F01B33-EBEA-4F98-B9B4-84EACCB95AA2): 0
LogDevObjectVersion:   Dev-Platform (6631380F-2D4D-43E0-8009-CF276956A95A): 0
LogDevObjectVersion:   Dev-Rendering (12F88B9F-8875-4AFC-A67C-D90C383ABD29): 31
LogDevObjectVersion:   Dev-Sequencer (7B5AE74C-D270-4C10-A958-57980B212A5A): 11
LogDevObjectVersion:   Dev-VR (D7296918-1DD6-4BDD-9DE2-64A83CC13884): 2
LogDevObjectVersion:   Dev-LoadTimes (C2A15278-BFE7-4AFE-6C17-90FF531DF755): 1
LogDevObjectVersion:   Private-Geometry (6EACA3D4-40EC-4CC1-B786-8BED09428FC5): 3
LogDevObjectVersion:   Dev-AnimPhys (29E575DD-E0A3-4627-9D10-D276232CDCEA): 17
LogDevObjectVersion:   Dev-Anim (AF43A65D-7FD3-4947-9873-3E8ED9C1BB05): 2
LogDevObjectVersion:   Dev-ReflectionCapture (6B266CEC-1EC7-4B8F-A30B-E4D90942FC07): 1
LogDevObjectVersion:   Dev-Automation (0DF73D61-A23F-47EA-B727-89E90C41499A): 1
LogDevObjectVersion:   FortniteMain (601D1886-AC64-4F84-AA16-D3DE0DEAC7D6): 27
LogDevObjectVersion:   Dev-Enterprise (9DFFBCD6-494F-0158-E221-12823C92A888): 6
LogDevObjectVersion:   Dev-Niagara (F2AED0AC-9AFE-416F-8664-AA7FFA26D6FC): 1
LogDevObjectVersion:   Dev-Destruction (174F1F0B-B4C6-45A5-B13F-2EE8D0FB917D): 9
LogInit: Presizing for max 16777216 objects, including 0 objects not considered by GC, pre-allocating 0 bytes for permanent pool.
LogInit: Object subsystem initialized
LogConfig: Setting CVar [[con.DebugEarlyDefault:1]]
LogConfig: Setting CVar [[r.setres:1280x720]]
[2019.10.12-03.24.04:070][  0]LogConfig: Setting CVar [[r.VSync:0]]
[2019.10.12-03.24.04:070][  0]LogConfig: Setting CVar [[r.RHICmdBypass:0]]
[2019.10.12-03.24.04:070][  0]LogConfig: Applying CVar settings from Section [/Script/Engine.RendererSettings] File [F:/UnrealGames/GameJamFall2019/MyProject/Saved/Config/Windows/Engine.ini]
[2019.10.12-03.24.04:070][  0]LogConfig: Setting CVar [[r.GPUCrashDebugging:0]]
[2019.10.12-03.24.04:070][  0]LogConfig: Applying CVar settings from Section [/Script/Engine.RendererOverrideSettings] File [F:/UnrealGames/GameJamFall2019/MyProject/Saved/Config/Windows/Engine.ini]
[2019.10.12-03.24.04:070][  0]LogConfig: Applying CVar settings from Section [/Script/Engine.StreamingSettings] File [F:/UnrealGames/GameJamFall2019/MyProject/Saved/Config/Windows/Engine.ini]
[2019.10.12-03.24.04:070][  0]LogConfig: Setting CVar [[s.MinBulkDataSizeForAsyncLoading:131072]]
[2019.10.12-03.24.04:070][  0]LogConfig: Setting CVar [[s.AsyncLoadingThreadEnabled:0]]
[2019.10.12-03.24.04:070][  0]LogConfig: Setting CVar [[s.EventDrivenLoaderEnabled:1]]
[2019.10.12-03.24.04:070][  0]LogConfig: Setting CVar [[s.WarnIfTimeLimitExceeded:0]]
[2019.10.12-03.24.04:070][  0]LogConfig: Setting CVar [[s.TimeLimitExceededMultiplier:1.5]]
[2019.10.12-03.24.04:070][  0]LogConfig: Setting CVar [[s.TimeLimitExceededMinTime:0.005]]
[2019.10.12-03.24.04:070][  0]LogConfig: Setting CVar [[s.UseBackgroundLevelStreaming:1]]
[2019.10.12-03.24.04:070][  0]LogConfig: Setting CVar [[s.PriorityAsyncLoadingExtraTime:15.0]]
[2019.10.12-03.24.04:070][  0]LogConfig: Setting CVar [[s.LevelStreamingActorsUpdateTimeLimit:5.0]]
[2019.10.12-03.24.04:070][  0]LogConfig: Setting CVar [[s.PriorityLevelStreamingActorsUpdateExtraTime:5.0]]
[2019.10.12-03.24.04:070][  0]LogConfig: Setting CVar [[s.LevelStreamingComponentsRegistrationGranularity:10]]
[2019.10.12-03.24.04:070][  0]LogConfig: Setting CVar [[s.UnregisterComponentsTimeLimit:1.0]]
[2019.10.12-03.24.04:070][  0]LogConfig: Setting CVar [[s.LevelStreamingComponentsUnregistrationGranularity:5]]
[2019.10.12-03.24.04:070][  0]LogConfig: Applying CVar settings from Section [/Script/Engine.GarbageCollectionSettings] File [F:/UnrealGames/GameJamFall2019/MyProject/Saved/Config/Windows/Engine.ini]
[2019.10.12-03.24.04:070][  0]LogConfig: Setting CVar [[gc.MaxObjectsNotConsideredByGC:1]]
[2019.10.12-03.24.04:070][  0]LogConfig: Setting CVar [[gc.SizeOfPermanentObjectPool:0]]
[2019.10.12-03.24.04:070][  0]LogConfig: Setting CVar [[gc.FlushStreamingOnGC:0]]
[2019.10.12-03.24.04:070][  0]LogConfig: Setting CVar [[gc.NumRetriesBeforeForcingGC:10]]
[2019.10.12-03.24.04:070][  0]LogConfig: Setting CVar [[gc.AllowParallelGC:1]]
[2019.10.12-03.24.04:070][  0]LogConfig: Setting CVar [[gc.TimeBetweenPurgingPendingKillObjects:61.1]]
[2019.10.12-03.24.04:070][  0]LogConfig: Setting CVar [[gc.MaxObjectsInEditor:16777216]]
[2019.10.12-03.24.04:070][  0]LogConfig: Setting CVar [[gc.IncrementalBeginDestroyEnabled:1]]
[2019.10.12-03.24.04:070][  0]LogConfig: Setting CVar [[gc.CreateGCClusters:1]]
[2019.10.12-03.24.04:070][  0]LogConfig: Setting CVar [[gc.MinGCClusterSize:5]]
[2019.10.12-03.24.04:070][  0]LogConfig: Setting CVar [[gc.ActorClusteringEnabled:0]]
[2019.10.12-03.24.04:070][  0]LogConfig: Setting CVar [[gc.BlueprintClusteringEnabled:0]]
[2019.10.12-03.24.04:070][  0]LogConfig: Setting CVar [[gc.UseDisregardForGCOnDedicatedServers:0]]
[2019.10.12-03.24.04:070][  0]LogConfig: Applying CVar settings from Section [/Script/Engine.NetworkSettings] File [F:/UnrealGames/GameJamFall2019/MyProject/Saved/Config/Windows/Engine.ini]
[2019.10.12-03.24.04:070][  0]LogConfig: Applying CVar settings from Section [/Script/UnrealEd.CookerSettings] File [F:/UnrealGames/GameJamFall2019/MyProject/Saved/Config/Windows/Engine.ini]
[2019.10.12-03.24.04:073][  0]LogConfig: Applying CVar settings from Section [ViewDistanceQuality@3] File [F:/UnrealGames/GameJamFall2019/MyProject/Saved/Config/Windows/Scalability.ini]
[2019.10.12-03.24.04:073][  0]LogConfig: Setting CVar [[r.SkeletalMeshLODBias:0]]
[2019.10.12-03.24.04:073][  0]LogConfig: Setting CVar [[r.ViewDistanceScale:1.0]]
[2019.10.12-03.24.04:073][  0]LogConfig: Applying CVar settings from Section [AntiAliasingQuality@3] File [F:/UnrealGames/GameJamFall2019/MyProject/Saved/Config/Windows/Scalability.ini]
[2019.10.12-03.24.04:073][  0]LogConfig: Setting CVar [[r.PostProcessAAQuality:4]]
[2019.10.12-03.24.04:073][  0]LogConfig: Applying CVar settings from Section [ShadowQuality@3] File [F:/UnrealGames/GameJamFall2019/MyProject/Saved/Config/Windows/Scalability.ini]
[2019.10.12-03.24.04:073][  0]LogConfig: Setting CVar [[r.LightFunctionQuality:1]]
[2019.10.12-03.24.04:073][  0]LogConfig: Setting CVar [[r.ShadowQuality:5]]
[2019.10.12-03.24.04:073][  0]LogConfig: Setting CVar [[r.Shadow.CSM.MaxCascades:10]]
[2019.10.12-03.24.04:073][  0]LogConfig: Setting CVar [[r.Shadow.MaxResolution:2048]]
[2019.10.12-03.24.04:073][  0]LogConfig: Setting CVar [[r.Shadow.MaxCSMResolution:2048]]
[2019.10.12-03.24.04:073][  0]LogConfig: Setting CVar [[r.Shadow.RadiusThreshold:0.01]]
[2019.10.12-03.24.04:073][  0]LogConfig: Setting CVar [[r.Shadow.DistanceScale:1.0]]
[2019.10.12-03.24.04:073][  0]LogConfig: Setting CVar [[r.Shadow.CSM.TransitionScale:1.0]]
[2019.10.12-03.24.04:073][  0]LogConfig: Setting CVar [[r.Shadow.PreShadowResolutionFactor:1.0]]
[2019.10.12-03.24.04:073][  0]LogConfig: Setting CVar [[r.DistanceFieldShadowing:1]]
[2019.10.12-03.24.04:073][  0]LogConfig: Setting CVar [[r.DistanceFieldAO:1]]
[2019.10.12-03.24.04:073][  0]LogConfig: Setting CVar [[r.AOQuality:2]]
[2019.10.12-03.24.04:073][  0]LogConfig: Setting CVar [[r.VolumetricFog:1]]
[2019.10.12-03.24.04:073][  0]LogConfig: Setting CVar [[r.VolumetricFog.GridPixelSize:8]]
[2019.10.12-03.24.04:073][  0]LogConfig: Setting CVar [[r.VolumetricFog.GridSizeZ:128]]
[2019.10.12-03.24.04:073][  0]LogConfig: Setting CVar [[r.VolumetricFog.HistoryMissSupersampleCount:4]]
[2019.10.12-03.24.04:073][  0]LogConfig: Setting CVar [[r.LightMaxDrawDistanceScale:1]]
[2019.10.12-03.24.04:073][  0]LogConfig: Setting CVar [[r.CapsuleShadows:1]]
[2019.10.12-03.24.04:073][  0]LogConfig: Applying CVar settings from Section [PostProcessQuality@3] File [F:/UnrealGames/GameJamFall2019/MyProject/Saved/Config/Windows/Scalability.ini]
[2019.10.12-03.24.04:073][  0]LogConfig: Setting CVar [[r.MotionBlurQuality:4]]
[2019.10.12-03.24.04:073][  0]LogConfig: Setting CVar [[r.AmbientOcclusionMipLevelFactor:0.4]]
[2019.10.12-03.24.04:073][  0]LogConfig: Setting CVar [[r.AmbientOcclusionMaxQuality:100]]
[2019.10.12-03.24.04:073][  0]LogConfig: Setting CVar [[r.AmbientOcclusionLevels:-1]]
[2019.10.12-03.24.04:073][  0]LogConfig: Setting CVar [[r.AmbientOcclusionRadiusScale:1.0]]
[2019.10.12-03.24.04:073][  0]LogConfig: Setting CVar [[r.DepthOfFieldQuality:2]]
[2019.10.12-03.24.04:073][  0]LogConfig: Setting CVar [[r.RenderTargetPoolMin:400]]
[2019.10.12-03.24.04:073][  0]LogConfig: Setting CVar [[r.LensFlareQuality:2]]
[2019.10.12-03.24.04:073][  0]LogConfig: Setting CVar [[r.SceneColorFringeQuality:1]]
[2019.10.12-03.24.04:073][  0]LogConfig: Setting CVar [[r.EyeAdaptationQuality:2]]
[2019.10.12-03.24.04:073][  0]LogConfig: Setting CVar [[r.BloomQuality:5]]
[2019.10.12-03.24.04:073][  0]LogConfig: Setting CVar [[r.FastBlurThreshold:100]]
[2019.10.12-03.24.04:073][  0]LogConfig: Setting CVar [[r.Upscale.Quality:3]]
[2019.10.12-03.24.04:073][  0]LogConfig: Setting CVar [[r.Tonemapper.GrainQuantization:1]]
[2019.10.12-03.24.04:073][  0]LogConfig: Setting CVar [[r.LightShaftQuality:1]]
[2019.10.12-03.24.04:073][  0]LogConfig: Setting CVar [[r.Filter.SizeScale:1]]
[2019.10.12-03.24.04:073][  0]LogConfig: Setting CVar [[r.Tonemapper.Quality:5]]
[2019.10.12-03.24.04:073][  0]LogConfig: Setting CVar [[r.DOF.Gather.AccumulatorQuality:1        ; higher gathering accumulator quality]]
[2019.10.12-03.24.04:073][  0]LogConfig: Setting CVar [[r.DOF.Gather.PostfilterMethod:1          ; Median3x3 postfilering method]]
[2019.10.12-03.24.04:073][  0]LogConfig: Setting CVar [[r.DOF.Gather.EnableBokehSettings:0       ; no bokeh simulation when gathering]]
[2019.10.12-03.24.04:073][  0]LogConfig: Setting CVar [[r.DOF.Gather.RingCount:4                 ; medium number of samples when gathering]]
[2019.10.12-03.24.04:073][  0]LogConfig: Setting CVar [[r.DOF.Scatter.ForegroundCompositing:1    ; additive foreground scattering]]
[2019.10.12-03.24.04:073][  0]LogConfig: Setting CVar [[r.DOF.Scatter.BackgroundCompositing:2    ; additive background scattering]]
[2019.10.12-03.24.04:073][  0]LogConfig: Setting CVar [[r.DOF.Scatter.EnableBokehSettings:1      ; bokeh simulation when scattering]]
[2019.10.12-03.24.04:073][  0]LogConfig: Setting CVar [[r.DOF.Scatter.MaxSpriteRatio:0.1         ; only a maximum of 10% of scattered bokeh]]
[2019.10.12-03.24.04:073][  0]LogConfig: Setting CVar [[r.DOF.Recombine.Quality:1                ; cheap slight out of focus]]
[2019.10.12-03.24.04:073][  0]LogConfig: Setting CVar [[r.DOF.Recombine.EnableBokehSettings:0    ; no bokeh simulation on slight out of focus]]
[2019.10.12-03.24.04:073][  0]LogConfig: Setting CVar [[r.DOF.TemporalAAQuality:1                ; more stable temporal accumulation]]
[2019.10.12-03.24.04:073][  0]LogConfig: Setting CVar [[r.DOF.Kernel.MaxForegroundRadius:0.025]]
[2019.10.12-03.24.04:073][  0]LogConfig: Setting CVar [[r.DOF.Kernel.MaxBackgroundRadius:0.025]]
[2019.10.12-03.24.04:073][  0]LogConfig: Applying CVar settings from Section [TextureQuality@3] File [F:/UnrealGames/GameJamFall2019/MyProject/Saved/Config/Windows/Scalability.ini]
[2019.10.12-03.24.04:073][  0]LogConfig: Setting CVar [[r.Streaming.MipBias:0]]
[2019.10.12-03.24.04:073][  0]LogConfig: Setting CVar [[r.Streaming.AmortizeCPUToGPUCopy:0]]
[2019.10.12-03.24.04:073][  0]LogConfig: Setting CVar [[r.Streaming.MaxNumTexturesToStreamPerFrame:0]]
[2019.10.12-03.24.04:073][  0]LogConfig: Setting CVar [[r.Streaming.Boost:1]]
[2019.10.12-03.24.04:073][  0]LogConfig: Setting CVar [[r.MaxAnisotropy:8]]
[2019.10.12-03.24.04:073][  0]LogConfig: Setting CVar [[r.Streaming.LimitPoolSizeToVRAM:0]]
[2019.10.12-03.24.04:073][  0]LogConfig: Setting CVar [[r.Streaming.PoolSize:1000]]
[2019.10.12-03.24.04:073][  0]LogConfig: Setting CVar [[r.Streaming.MaxEffectiveScreenSize:0]]
[2019.10.12-03.24.04:073][  0]LogConfig: Applying CVar settings from Section [EffectsQuality@3] File [F:/UnrealGames/GameJamFall2019/MyProject/Saved/Config/Windows/Scalability.ini]
[2019.10.12-03.24.04:073][  0]LogConfig: Setting CVar [[r.TranslucencyLightingVolumeDim:64]]
[2019.10.12-03.24.04:073][  0]LogConfig: Setting CVar [[r.RefractionQuality:2]]
[2019.10.12-03.24.04:073][  0]LogConfig: Setting CVar [[r.SSR.Quality:3]]
[2019.10.12-03.24.04:073][  0]LogConfig: Setting CVar [[r.SceneColorFormat:4]]
[2019.10.12-03.24.04:073][  0]LogConfig: Setting CVar [[r.DetailMode:2]]
[2019.10.12-03.24.04:073][  0]LogConfig: Setting CVar [[r.TranslucencyVolumeBlur:1]]
[2019.10.12-03.24.04:073][  0]LogConfig: Setting CVar [[r.MaterialQualityLevel:1 ; High quality]]
[2019.10.12-03.24.04:073][  0]LogConfig: Setting CVar [[r.SSS.Scale:1]]
[2019.10.12-03.24.04:073][  0]LogConfig: Setting CVar [[r.SSS.SampleSet:2]]
[2019.10.12-03.24.04:073][  0]LogConfig: Setting CVar [[r.SSS.Quality:1]]
[2019.10.12-03.24.04:074][  0]LogConfig: Setting CVar [[r.SSS.HalfRes:1]]
[2019.10.12-03.24.04:074][  0]LogConfig: Setting CVar [[r.EmitterSpawnRateScale:1.0]]
[2019.10.12-03.24.04:074][  0]LogConfig: Setting CVar [[r.ParticleLightQuality:2]]
[2019.10.12-03.24.04:074][  0]LogConfig: Applying CVar settings from Section [FoliageQuality@3] File [F:/UnrealGames/GameJamFall2019/MyProject/Saved/Config/Windows/Scalability.ini]
[2019.10.12-03.24.04:074][  0]LogConfig: Setting CVar [[foliage.DensityScale:1.0]]
[2019.10.12-03.24.04:074][  0]LogConfig: Setting CVar [[grass.DensityScale:1.0]]
[2019.10.12-03.24.04:074][  0]LogInit: Selected Device Profile: [Windows]
[2019.10.12-03.24.04:074][  0]LogInit: Applying CVar settings loaded from the selected device profile: [Windows]
[2019.10.12-03.24.04:076][  0]LogHAL: Display: Platform has ~ 8 GB [8538365952 / 8589934592 / 8], which maps to Default [LargestMinGB=32, LargerMinGB=12, DefaultMinGB=8, SmallerMinGB=6, SmallestMinGB=0)
[2019.10.12-03.24.04:076][  0]LogInit: Going up to parent DeviceProfile []
[2019.10.12-03.24.04:076][  0]LogConfig: Applying CVar settings from Section [ViewDistanceQuality@3] File [F:/UnrealGames/GameJamFall2019/MyProject/Saved/Config/Windows/Scalability.ini]
[2019.10.12-03.24.04:076][  0]LogConfig: Setting CVar [[r.SkeletalMeshLODBias:0]]
[2019.10.12-03.24.04:076][  0]LogConfig: Setting CVar [[r.ViewDistanceScale:1.0]]
[2019.10.12-03.24.04:076][  0]LogConfig: Applying CVar settings from Section [AntiAliasingQuality@3] File [F:/UnrealGames/GameJamFall2019/MyProject/Saved/Config/Windows/Scalability.ini]
[2019.10.12-03.24.04:076][  0]LogConfig: Setting CVar [[r.PostProcessAAQuality:4]]
[2019.10.12-03.24.04:076][  0]LogConfig: Applying CVar settings from Section [ShadowQuality@3] File [F:/UnrealGames/GameJamFall2019/MyProject/Saved/Config/Windows/Scalability.ini]
[2019.10.12-03.24.04:076][  0]LogConfig: Setting CVar [[r.LightFunctionQuality:1]]
[2019.10.12-03.24.04:076][  0]LogConfig: Setting CVar [[r.ShadowQuality:5]]
[2019.10.12-03.24.04:076][  0]LogConfig: Setting CVar [[r.Shadow.CSM.MaxCascades:10]]
[2019.10.12-03.24.04:076][  0]LogConfig: Setting CVar [[r.Shadow.MaxResolution:2048]]
[2019.10.12-03.24.04:076][  0]LogConfig: Setting CVar [[r.Shadow.MaxCSMResolution:2048]]
[2019.10.12-03.24.04:076][  0]LogConfig: Setting CVar [[r.Shadow.RadiusThreshold:0.01]]
[2019.10.12-03.24.04:076][  0]LogConfig: Setting CVar [[r.Shadow.DistanceScale:1.0]]
[2019.10.12-03.24.04:076][  0]LogConfig: Setting CVar [[r.Shadow.CSM.TransitionScale:1.0]]
[2019.10.12-03.24.04:076][  0]LogConfig: Setting CVar [[r.Shadow.PreShadowResolutionFactor:1.0]]
[2019.10.12-03.24.04:076][  0]LogConfig: Setting CVar [[r.DistanceFieldShadowing:1]]
[2019.10.12-03.24.04:076][  0]LogConfig: Setting CVar [[r.DistanceFieldAO:1]]
[2019.10.12-03.24.04:076][  0]LogConfig: Setting CVar [[r.AOQuality:2]]
[2019.10.12-03.24.04:076][  0]LogConfig: Setting CVar [[r.VolumetricFog:1]]
[2019.10.12-03.24.04:076][  0]LogConfig: Setting CVar [[r.VolumetricFog.GridPixelSize:8]]
[2019.10.12-03.24.04:076][  0]LogConfig: Setting CVar [[r.VolumetricFog.GridSizeZ:128]]
[2019.10.12-03.24.04:076][  0]LogConfig: Setting CVar [[r.VolumetricFog.HistoryMissSupersampleCount:4]]
[2019.10.12-03.24.04:076][  0]LogConfig: Setting CVar [[r.LightMaxDrawDistanceScale:1]]
[2019.10.12-03.24.04:076][  0]LogConfig: Setting CVar [[r.CapsuleShadows:1]]
[2019.10.12-03.24.04:076][  0]LogConfig: Applying CVar settings from Section [PostProcessQuality@3] File [F:/UnrealGames/GameJamFall2019/MyProject/Saved/Config/Windows/Scalability.ini]
[2019.10.12-03.24.04:076][  0]LogConfig: Setting CVar [[r.MotionBlurQuality:4]]
[2019.10.12-03.24.04:076][  0]LogConfig: Setting CVar [[r.AmbientOcclusionMipLevelFactor:0.4]]
[2019.10.12-03.24.04:076][  0]LogConfig: Setting CVar [[r.AmbientOcclusionMaxQuality:100]]
[2019.10.12-03.24.04:076][  0]LogConfig: Setting CVar [[r.AmbientOcclusionLevels:-1]]
[2019.10.12-03.24.04:076][  0]LogConfig: Setting CVar [[r.AmbientOcclusionRadiusScale:1.0]]
[2019.10.12-03.24.04:076][  0]LogConfig: Setting CVar [[r.DepthOfFieldQuality:2]]
[2019.10.12-03.24.04:076][  0]LogConfig: Setting CVar [[r.RenderTargetPoolMin:400]]
[2019.10.12-03.24.04:076][  0]LogConfig: Setting CVar [[r.LensFlareQuality:2]]
[2019.10.12-03.24.04:076][  0]LogConfig: Setting CVar [[r.SceneColorFringeQuality:1]]
[2019.10.12-03.24.04:076][  0]LogConfig: Setting CVar [[r.EyeAdaptationQuality:2]]
[2019.10.12-03.24.04:076][  0]LogConfig: Setting CVar [[r.BloomQuality:5]]
[2019.10.12-03.24.04:076][  0]LogConfig: Setting CVar [[r.FastBlurThreshold:100]]
[2019.10.12-03.24.04:076][  0]LogConfig: Setting CVar [[r.Upscale.Quality:3]]
[2019.10.12-03.24.04:076][  0]LogConfig: Setting CVar [[r.Tonemapper.GrainQuantization:1]]
[2019.10.12-03.24.04:076][  0]LogConfig: Setting CVar [[r.LightShaftQuality:1]]
[2019.10.12-03.24.04:076][  0]LogConfig: Setting CVar [[r.Filter.SizeScale:1]]
[2019.10.12-03.24.04:076][  0]LogConfig: Setting CVar [[r.Tonemapper.Quality:5]]
[2019.10.12-03.24.04:076][  0]LogConfig: Setting CVar [[r.DOF.Gather.AccumulatorQuality:1        ; higher gathering accumulator quality]]
[2019.10.12-03.24.04:076][  0]LogConfig: Setting CVar [[r.DOF.Gather.PostfilterMethod:1          ; Median3x3 postfilering method]]
[2019.10.12-03.24.04:076][  0]LogConfig: Setting CVar [[r.DOF.Gather.EnableBokehSettings:0       ; no bokeh simulation when gathering]]
[2019.10.12-03.24.04:077][  0]LogConfig: Setting CVar [[r.DOF.Gather.RingCount:4                 ; medium number of samples when gathering]]
[2019.10.12-03.24.04:077][  0]LogConfig: Setting CVar [[r.DOF.Scatter.ForegroundCompositing:1    ; additive foreground scattering]]
[2019.10.12-03.24.04:077][  0]LogConfig: Setting CVar [[r.DOF.Scatter.BackgroundCompositing:2    ; additive background scattering]]
[2019.10.12-03.24.04:077][  0]LogConfig: Setting CVar [[r.DOF.Scatter.EnableBokehSettings:1      ; bokeh simulation when scattering]]
[2019.10.12-03.24.04:077][  0]LogConfig: Setting CVar [[r.DOF.Scatter.MaxSpriteRatio:0.1         ; only a maximum of 10% of scattered bokeh]]
[2019.10.12-03.24.04:077][  0]LogConfig: Setting CVar [[r.DOF.Recombine.Quality:1                ; cheap slight out of focus]]
[2019.10.12-03.24.04:077][  0]LogConfig: Setting CVar [[r.DOF.Recombine.EnableBokehSettings:0    ; no bokeh simulation on slight out of focus]]
[2019.10.12-03.24.04:077][  0]LogConfig: Setting CVar [[r.DOF.TemporalAAQuality:1                ; more stable temporal accumulation]]
[2019.10.12-03.24.04:077][  0]LogConfig: Setting CVar [[r.DOF.Kernel.MaxForegroundRadius:0.025]]
[2019.10.12-03.24.04:077][  0]LogConfig: Setting CVar [[r.DOF.Kernel.MaxBackgroundRadius:0.025]]
[2019.10.12-03.24.04:077][  0]LogConfig: Applying CVar settings from Section [TextureQuality@3] File [F:/UnrealGames/GameJamFall2019/MyProject/Saved/Config/Windows/Scalability.ini]
[2019.10.12-03.24.04:077][  0]LogConfig: Setting CVar [[r.Streaming.MipBias:0]]
[2019.10.12-03.24.04:077][  0]LogConfig: Setting CVar [[r.Streaming.AmortizeCPUToGPUCopy:0]]
[2019.10.12-03.24.04:077][  0]LogConfig: Setting CVar [[r.Streaming.MaxNumTexturesToStreamPerFrame:0]]
[2019.10.12-03.24.04:077][  0]LogConfig: Setting CVar [[r.Streaming.Boost:1]]
[2019.10.12-03.24.04:077][  0]LogConfig: Setting CVar [[r.MaxAnisotropy:8]]
[2019.10.12-03.24.04:077][  0]LogConfig: Setting CVar [[r.Streaming.LimitPoolSizeToVRAM:0]]
[2019.10.12-03.24.04:077][  0]LogConfig: Setting CVar [[r.Streaming.PoolSize:1000]]
[2019.10.12-03.24.04:077][  0]LogConfig: Setting CVar [[r.Streaming.MaxEffectiveScreenSize:0]]
[2019.10.12-03.24.04:077][  0]LogConfig: Applying CVar settings from Section [EffectsQuality@3] File [F:/UnrealGames/GameJamFall2019/MyProject/Saved/Config/Windows/Scalability.ini]
[2019.10.12-03.24.04:077][  0]LogConfig: Setting CVar [[r.TranslucencyLightingVolumeDim:64]]
[2019.10.12-03.24.04:077][  0]LogConfig: Setting CVar [[r.RefractionQuality:2]]
[2019.10.12-03.24.04:077][  0]LogConfig: Setting CVar [[r.SSR.Quality:3]]
[2019.10.12-03.24.04:077][  0]LogConfig: Setting CVar [[r.SceneColorFormat:4]]
[2019.10.12-03.24.04:077][  0]LogConfig: Setting CVar [[r.DetailMode:2]]
[2019.10.12-03.24.04:077][  0]LogConfig: Setting CVar [[r.TranslucencyVolumeBlur:1]]
[2019.10.12-03.24.04:077][  0]LogConfig: Setting CVar [[r.MaterialQualityLevel:1 ; High quality]]
[2019.10.12-03.24.04:077][  0]LogConfig: Setting CVar [[r.SSS.Scale:1]]
[2019.10.12-03.24.04:077][  0]LogConfig: Setting CVar [[r.SSS.SampleSet:2]]
[2019.10.12-03.24.04:077][  0]LogConfig: Setting CVar [[r.SSS.Quality:1]]
[2019.10.12-03.24.04:077][  0]LogConfig: Setting CVar [[r.SSS.HalfRes:1]]
[2019.10.12-03.24.04:077][  0]LogConfig: Setting CVar [[r.EmitterSpawnRateScale:1.0]]
[2019.10.12-03.24.04:077][  0]LogConfig: Setting CVar [[r.ParticleLightQuality:2]]
[2019.10.12-03.24.04:077][  0]LogConfig: Applying CVar settings from Section [FoliageQuality@3] File [F:/UnrealGames/GameJamFall2019/MyProject/Saved/Config/Windows/Scalability.ini]
[2019.10.12-03.24.04:077][  0]LogConfig: Setting CVar [[foliage.DensityScale:1.0]]
[2019.10.12-03.24.04:077][  0]LogConfig: Setting CVar [[grass.DensityScale:1.0]]
[2019.10.12-03.24.04:077][  0]LogConfig: Applying CVar settings from Section [Startup] File [../../../Engine/Config/ConsoleVariables.ini]
[2019.10.12-03.24.04:077][  0]LogConfig: Setting CVar [[net.UseAdaptiveNetUpdateFrequency:0]]
[2019.10.12-03.24.04:077][  0]LogConfig: Setting CVar [[p.chaos.AllowCreatePhysxBodies:1]]
[2019.10.12-03.24.04:077][  0]LogConfig: Applying CVar settings from Section [ConsoleVariables] File [F:/UnrealGames/GameJamFall2019/MyProject/Saved/Config/Windows/Engine.ini]
[2019.10.12-03.24.04:077][  0]LogInit: Computer: KING_ARTHUR
[2019.10.12-03.24.04:077][  0]LogInit: User: yconn
[2019.10.12-03.24.04:077][  0]LogInit: CPU Page size=4096, Cores=4
[2019.10.12-03.24.04:077][  0]LogInit: High frequency timer resolution =10.000000 MHz
[2019.10.12-03.24.04:077][  0]LogMemory: Memory total: Physical=8.0GB (8GB approx)
[2019.10.12-03.24.04:077][  0]LogMemory: Platform Memory Stats for Windows
[2019.10.12-03.24.04:077][  0]LogMemory: Process Physical Memory: 99.78 MB used, 99.79 MB peak
[2019.10.12-03.24.04:077][  0]LogMemory: Process Virtual Memory: 88.07 MB used, 88.07 MB peak
[2019.10.12-03.24.04:077][  0]LogMemory: Physical Memory: 6274.89 MB used,  1867.93 MB free, 8142.82 MB total
[2019.10.12-03.24.04:077][  0]LogMemory: Virtual Memory: 4643.43 MB used,  134213088.00 MB free, 134217728.00 MB total
[2019.10.12-03.24.04:081][  0]LogWindows: WindowsPlatformFeatures enabled
[2019.10.12-03.24.04:097][  0]LogInit: Using OS detected language (en-US).
[2019.10.12-03.24.04:097][  0]LogInit: Using OS detected locale (en-US).
[2019.10.12-03.24.04:098][  0]LogTextLocalizationManager: No specific localization for 'en-US' exists, so the 'en' localization will be used.
[2019.10.12-03.24.04:260][  0]LogInit: Setting process to per monitor DPI aware
[2019.10.12-03.24.04:290][  0]LogSlate: New Slate User Created.  User Index 0, Is Virtual User: 0
[2019.10.12-03.24.04:290][  0]LogSlate: Slate User Registered.  User Index 0, Is Virtual User: 0
[2019.10.12-03.24.04:419][  0]LogHMD: Failed to initialize OpenVR with code 110
[2019.10.12-03.24.04:419][  0]LogD3D11RHI: D3D11 adapters:
[2019.10.12-03.24.04:489][  0]LogD3D11RHI:    0. 'NVIDIA GeForce GTX 1060 6GB' (Feature Level 11_0)
[2019.10.12-03.24.04:489][  0]LogD3D11RHI:       6052/0/4071 MB DedicatedVideo/DedicatedSystem/SharedSystem, Outputs:1, VendorId:0x10de
[2019.10.12-03.24.04:491][  0]LogD3D11RHI:    1. 'Microsoft Basic Render Driver' (Feature Level 11_0)
[2019.10.12-03.24.04:491][  0]LogD3D11RHI:       0/0/4071 MB DedicatedVideo/DedicatedSystem/SharedSystem, Outputs:0, VendorId:0x1414
[2019.10.12-03.24.04:491][  0]LogD3D11RHI: Chosen D3D11 Adapter: 0
[2019.10.12-03.24.04:497][  0]LogD3D11RHI: Creating new Direct3DDevice
[2019.10.12-03.24.04:497][  0]LogD3D11RHI:     GPU DeviceId: 0x1c03 (for the marketing name, search the web for "GPU Device Id")
[2019.10.12-03.24.04:497][  0]LogWindows: EnumDisplayDevices:
[2019.10.12-03.24.04:497][  0]LogWindows:    0. 'NVIDIA GeForce GTX 1060 6GB' (P:1 D:1)
[2019.10.12-03.24.04:497][  0]LogWindows:    1. 'NVIDIA GeForce GTX 1060 6GB' (P:0 D:0)
[2019.10.12-03.24.04:497][  0]LogWindows:    2. 'NVIDIA GeForce GTX 1060 6GB' (P:0 D:0)
[2019.10.12-03.24.04:498][  0]LogWindows:    3. 'NVIDIA GeForce GTX 1060 6GB' (P:0 D:0)
[2019.10.12-03.24.04:498][  0]LogWindows: DebugString: FoundDriverCount:4 
[2019.10.12-03.24.04:498][  0]LogD3D11RHI:     Adapter Name: NVIDIA GeForce GTX 1060 6GB
[2019.10.12-03.24.04:498][  0]LogD3D11RHI:   Driver Version: 417.35 (internal:25.21.14.1735, unified:417.35)
[2019.10.12-03.24.04:498][  0]LogD3D11RHI:      Driver Date: 12-11-2018
[2019.10.12-03.24.04:498][  0]LogRHI: Texture pool is 4236 MB (70% of 6052 MB)
[2019.10.12-03.24.04:540][  0]LogD3D11RHI: Async texture creation enabled
[2019.10.12-03.24.04:573][  0]LogD3D11RHI: GPU Timing Frequency: 1000.000000 (Debug: 2 2)
[2019.10.12-03.24.05:036][  0]LogTemp: Display: Module 'AllDesktopTargetPlatform' loaded TargetPlatform 'AllDesktop'
[2019.10.12-03.24.05:043][  0]LogTemp: Display: Module 'MacClientTargetPlatform' loaded TargetPlatform 'MacClient'
[2019.10.12-03.24.05:050][  0]LogTemp: Display: Module 'MacNoEditorTargetPlatform' loaded TargetPlatform 'MacNoEditor'
[2019.10.12-03.24.05:057][  0]LogTemp: Display: Module 'MacServerTargetPlatform' loaded TargetPlatform 'MacServer'
[2019.10.12-03.24.05:064][  0]LogTemp: Display: Module 'MacTargetPlatform' loaded TargetPlatform 'Mac'
[2019.10.12-03.24.05:071][  0]LogTemp: Display: Module 'WindowsClientTargetPlatform' loaded TargetPlatform 'WindowsClient'
[2019.10.12-03.24.05:078][  0]LogTemp: Display: Module 'WindowsNoEditorTargetPlatform' loaded TargetPlatform 'WindowsNoEditor'
[2019.10.12-03.24.05:085][  0]LogTemp: Display: Module 'WindowsServerTargetPlatform' loaded TargetPlatform 'WindowsServer'
[2019.10.12-03.24.05:088][  0]LogTemp: Display: Module 'WindowsTargetPlatform' loaded TargetPlatform 'Windows'
[2019.10.12-03.24.05:117][  0]LogTemp: Display: Module 'AndroidTargetPlatform' loaded TargetPlatform 'Android'
[2019.10.12-03.24.05:117][  0]LogTemp: Display: Module 'AndroidTargetPlatform' loaded TargetPlatform 'Android_ASTC'
[2019.10.12-03.24.05:117][  0]LogTemp: Display: Module 'AndroidTargetPlatform' loaded TargetPlatform 'Android_ATC'
[2019.10.12-03.24.05:117][  0]LogTemp: Display: Module 'AndroidTargetPlatform' loaded TargetPlatform 'Android_DXT'
[2019.10.12-03.24.05:117][  0]LogTemp: Display: Module 'AndroidTargetPlatform' loaded TargetPlatform 'Android_ETC1'
[2019.10.12-03.24.05:117][  0]LogTemp: Display: Module 'AndroidTargetPlatform' loaded TargetPlatform 'Android_ETC1a'
[2019.10.12-03.24.05:117][  0]LogTemp: Display: Module 'AndroidTargetPlatform' loaded TargetPlatform 'Android_ETC2'
[2019.10.12-03.24.05:117][  0]LogTemp: Display: Module 'AndroidTargetPlatform' loaded TargetPlatform 'Android_PVRTC'
[2019.10.12-03.24.05:117][  0]LogTemp: Display: Module 'AndroidTargetPlatform' loaded TargetPlatform 'AndroidClient'
[2019.10.12-03.24.05:117][  0]LogTemp: Display: Module 'AndroidTargetPlatform' loaded TargetPlatform 'Android_ASTCClient'
[2019.10.12-03.24.05:117][  0]LogTemp: Display: Module 'AndroidTargetPlatform' loaded TargetPlatform 'Android_ATCClient'
[2019.10.12-03.24.05:117][  0]LogTemp: Display: Module 'AndroidTargetPlatform' loaded TargetPlatform 'Android_DXTClient'
[2019.10.12-03.24.05:117][  0]LogTemp: Display: Module 'AndroidTargetPlatform' loaded TargetPlatform 'Android_ETC1Client'
[2019.10.12-03.24.05:117][  0]LogTemp: Display: Module 'AndroidTargetPlatform' loaded TargetPlatform 'Android_ETC1aClient'
[2019.10.12-03.24.05:117][  0]LogTemp: Display: Module 'AndroidTargetPlatform' loaded TargetPlatform 'Android_ETC2Client'
[2019.10.12-03.24.05:117][  0]LogTemp: Display: Module 'AndroidTargetPlatform' loaded TargetPlatform 'Android_PVRTCClient'
[2019.10.12-03.24.05:117][  0]LogTemp: Display: Module 'AndroidTargetPlatform' loaded TargetPlatform 'Android_Multi'
[2019.10.12-03.24.05:117][  0]LogTemp: Display: Module 'AndroidTargetPlatform' loaded TargetPlatform 'Android_MultiClient'
[2019.10.12-03.24.05:118][  0]LogTemp: Display: Module 'HTML5TargetPlatform' loaded TargetPlatform 'HTML5'
[2019.10.12-03.24.05:132][  0]LogTemp: Display: Module 'IOSTargetPlatform' loaded TargetPlatform 'IOSClient'
[2019.10.12-03.24.05:132][  0]LogTemp: Display: Module 'IOSTargetPlatform' loaded TargetPlatform 'IOS'
[2019.10.12-03.24.05:144][  0]LogTemp: Display: Module 'TVOSTargetPlatform' loaded TargetPlatform 'TVOSClient'
[2019.10.12-03.24.05:144][  0]LogTemp: Display: Module 'TVOSTargetPlatform' loaded TargetPlatform 'TVOS'
[2019.10.12-03.24.05:150][  0]LogTemp: Display: Module 'LinuxClientTargetPlatform' loaded TargetPlatform 'LinuxClient'
[2019.10.12-03.24.05:157][  0]LogTemp: Display: Module 'LinuxNoEditorTargetPlatform' loaded TargetPlatform 'LinuxNoEditor'
[2019.10.12-03.24.05:163][  0]LogTemp: Display: Module 'LinuxServerTargetPlatform' loaded TargetPlatform 'LinuxServer'
[2019.10.12-03.24.05:169][  0]LogTemp: Display: Module 'LinuxTargetPlatform' loaded TargetPlatform 'Linux'
[2019.10.12-03.24.05:191][  0]LogTemp: Display: Module 'LuminTargetPlatform' loaded TargetPlatform 'Lumin'
[2019.10.12-03.24.05:191][  0]LogTemp: Display: Module 'LuminTargetPlatform' loaded TargetPlatform 'LuminClient'
[2019.10.12-03.24.05:191][  0]LogTargetPlatformManager: Display: Building Assets For Windows
[2019.10.12-03.24.05:197][  0]LogAudioDebug: Display: Lib vorbis DLL was dynamically loaded.
[2019.10.12-03.24.05:229][  0]LogShaderCompilers: Guid format shader working directory is -3 characters bigger than the processId version (../../../../UnrealGames/GameJamFall2019/MyProject/Intermediate/Shaders/WorkingDirectory/1324/).
[2019.10.12-03.24.05:230][  0]LogShaderCompilers: Cleaned the shader compiler working directory 'C:/Users/yconn/AppData/Local/Temp/UnrealShaderWorkingDir/5CD3033645555F263A6BC69CC0C44181/'.
[2019.10.12-03.24.05:231][  0]LogXGEController: Cannot use XGE Controller as Incredibuild is not installed on this machine.
[2019.10.12-03.24.05:231][  0]LogShaderCompilers: Cannot use XGE Shader Compiler as Incredibuild is not installed on this machine.
[2019.10.12-03.24.05:231][  0]LogShaderCompilers: Display: Using Local Shader Compiler.
[2019.10.12-03.24.05:833][  0]LogDerivedDataCache: Display: Max Cache Size: 512 MB
[2019.10.12-03.24.05:898][  0]LogDerivedDataCache: Loaded boot cache 0.06s 76MB C:/Users/yconn/AppData/Local/UnrealEngine/4.23/DerivedDataCache/Boot.ddc.
[2019.10.12-03.24.05:898][  0]LogDerivedDataCache: Display: Loaded Boot cache: C:/Users/yconn/AppData/Local/UnrealEngine/4.23/DerivedDataCache/Boot.ddc
[2019.10.12-03.24.05:898][  0]LogDerivedDataCache: FDerivedDataBackendGraph:  Pak pak cache file ../../../../UnrealGames/GameJamFall2019/MyProject/DerivedDataCache/DDC.ddp not found, will not use a pak cache.
[2019.10.12-03.24.05:898][  0]LogDerivedDataCache: Unable to find inner node Pak for hierarchical cache Hierarchy.
[2019.10.12-03.24.05:898][  0]LogDerivedDataCache: FDerivedDataBackendGraph:  CompressedPak pak cache file ../../../../UnrealGames/GameJamFall2019/MyProject/DerivedDataCache/Compressed.ddp not found, will not use a pak cache.
[2019.10.12-03.24.05:898][  0]LogDerivedDataCache: Unable to find inner node CompressedPak for hierarchical cache Hierarchy.
[2019.10.12-03.24.05:908][  0]LogDerivedDataCache: Display: Pak cache opened for reading ../../../Engine/DerivedDataCache/Compressed.ddp.
[2019.10.12-03.24.05:908][  0]LogDerivedDataCache: FDerivedDataBackendGraph:  EnterprisePak pak cache file ../../../Enterprise/DerivedDataCache/Compressed.ddp not found, will not use a pak cache.
[2019.10.12-03.24.05:908][  0]LogDerivedDataCache: Unable to find inner node EnterprisePak for hierarchical cache Hierarchy.
[2019.10.12-03.24.05:909][  0]LogDerivedDataCache: Using Local data cache path C:/Users/yconn/AppData/Local/UnrealEngine/Common/DerivedDataCache: Writable
[2019.10.12-03.24.05:910][  0]LogDerivedDataCache: Shared data cache path not found in *engine.ini, will not use an Shared cache.
[2019.10.12-03.24.05:910][  0]LogDerivedDataCache: Unable to find inner node Shared for hierarchical cache Hierarchy.
[2019.10.12-03.24.05:929][  0]LogMaterial: Verifying Global Shaders for PCD3D_SM5
[2019.10.12-03.24.05:931][  0]LogSlate: Using FreeType 2.6.0
[2019.10.12-03.24.05:932][  0]LogSlate: SlateFontServices - WITH_FREETYPE: 1, WITH_HARFBUZZ: 1
[2019.10.12-03.24.05:983][  0]LogAssetRegistry: FAssetRegistry took 0.0020 seconds to start up
[2019.10.12-03.24.06:220][  0]LogInit: Selected Device Profile: [Windows]
[2019.10.12-03.24.06:354][  0]LogMeshReduction: Using QuadricMeshReduction for automatic static mesh reduction
[2019.10.12-03.24.06:354][  0]LogMeshReduction: Using SimplygonMeshReduction for automatic skeletal mesh reduction
[2019.10.12-03.24.06:354][  0]LogMeshReduction: Using ProxyLODMeshReduction for automatic mesh merging
[2019.10.12-03.24.06:354][  0]LogMeshReduction: No distributed automatic mesh merging module available
[2019.10.12-03.24.06:354][  0]LogMeshMerging: No distributed automatic mesh merging module available
[2019.10.12-03.24.06:364][  0]LogNetVersion: MyProject 1.0.0, NetCL: 8386587, EngineNetVer: 11, GameNetVer: 0 (Checksum: 2896792207)
[2019.10.12-03.24.06:934][  0]LogPackageLocalizationCache: Processed 12 localized package path(s) for 1 prioritized culture(s) in 0.187763 seconds
[2019.10.12-03.24.06:943][  0]LogUObjectArray: 43444 objects as part of root set at end of initial load.
[2019.10.12-03.24.06:943][  0]LogUObjectAllocator: 7548648 out of 0 bytes used by permanent object pool.
[2019.10.12-03.24.06:943][  0]LogUObjectArray: CloseDisregardForGC: 0/0 objects in disregard for GC pool
[2019.10.12-03.24.08:369][  0]LogTcpMessaging: Initializing TcpMessaging bridge
[2019.10.12-03.24.08:372][  0]LogUdpMessaging: Initializing bridge on interface 0.0.0.0:0 to multicast group 230.0.0.1:6666.
[2019.10.12-03.24.12:256][  0]SourceControl: Source control is disabled
[2019.10.12-03.24.12:256][  0]SourceControl: Source control is disabled
[2019.10.12-03.24.12:258][  0]SourceControl: Source control is disabled
[2019.10.12-03.24.12:259][  0]SourceControl: Source control is disabled
[2019.10.12-03.24.12:334][  0]LogAndroidPermission: UAndroidPermissionCallbackProxy::GetInstance
[2019.10.12-03.24.12:507][  0]LogOcInput: OculusInput pre-init called
[2019.10.12-03.24.12:512][  0]LogWindows: Failed to load 'OVRPlugin.dll' (GetLastError=126)
[2019.10.12-03.24.12:512][  0]LogWindows: File 'OVRPlugin.dll' does not exist
[2019.10.12-03.24.12:570][  0]LogEngine: Initializing Engine...
[2019.10.12-03.24.12:571][  0]LogHMD: Failed to initialize OpenVR with code 110
[2019.10.12-03.24.12:572][  0]LogStats: UGameplayTagsManager::InitializeManager -  0.000 s
[2019.10.12-03.24.12:797][  0]LogInit: Initializing FReadOnlyCVARCache
[2019.10.12-03.24.12:808][  0]LogAIModule: Creating AISystem for world Untitled
[2019.10.12-03.24.12:924][  0]LogInit: XAudio2 using 'Speakers (High Definition Audio Device)' : 2 channels at 48 kHz using 16 bits per sample (channel mask 0x3)
[2019.10.12-03.24.12:941][  0]LogInit: FAudioDevice initialized.
[2019.10.12-03.24.12:941][  0]LogNetVersion: Set ProjectVersion to 1.0.0.0. Version Checksum will be recalculated on next use.
[2019.10.12-03.24.13:128][  0]LogDerivedDataCache: Saved boot cache 0.19s 76MB C:/Users/yconn/AppData/Local/UnrealEngine/4.23/DerivedDataCache/Boot.ddc.
[2019.10.12-03.24.13:136][  0]LogInit: Texture streaming: Enabled
[2019.10.12-03.24.13:149][  0]LogEngineSessionManager: EngineSessionManager initialized
[2019.10.12-03.24.13:628][  0]LogInit: Transaction tracking system initialized
[2019.10.12-03.24.13:666][  0]BlueprintLog: New page: Editor Load
[2019.10.12-03.24.13:717][  0]LocalizationService: Localization service is disabled
[2019.10.12-03.24.14:404][  0]LogFileCache: Scanning file cache for directory 'F:/UnrealGames/GameJamFall2019/MyProject/Content/' took 0.02s
[2019.10.12-03.24.14:404][  0]LogCook: Display: Max memory allowance for cook 16384mb min free memory 0mb
[2019.10.12-03.24.14:404][  0]LogCook: Display: Mobile HDR setting 1
[2019.10.12-03.24.14:563][  0]SourceControl: Source control is disabled
[2019.10.12-03.24.14:564][  0]Cmd: MAP LOAD FILE="../../../../UnrealGames/GameJamFall2019/MyProject/Content/FirstPersonCPP/Maps/FirstPersonExampleMap.umap" TEMPLATE=0 SHOWPROGRESS=1 FEATURELEVEL=3
[2019.10.12-03.24.14:598][  0]LightingResults: New page: Lighting Build
[2019.10.12-03.24.14:600][  0]LogWorld: UWorld::CleanupWorld for Untitled, bSessionEnded=true, bCleanupResources=true
[2019.10.12-03.24.14:600][  0]MapCheck: New page: Map Check
[2019.10.12-03.24.14:600][  0]LightingResults: New page: Lighting Build
[2019.10.12-03.24.14:621][  0]LogUObjectHash: Compacting FUObjectHashTables data took   2.16ms
[2019.10.12-03.24.16:010][  0]LogAIModule: Creating AISystem for world FirstPersonExampleMap
[2019.10.12-03.24.19:257][  0]LogEditorServer: Finished looking for orphan Actors (0.000 secs)
[2019.10.12-03.24.19:306][  0]LogUObjectHash: Compacting FUObjectHashTables data took   2.72ms
[2019.10.12-03.24.19:307][  0]Cmd: MAP CHECKDEP NOCLEARLOG
[2019.10.12-03.24.19:307][  0]MapCheck: Map check complete: 0 Error(s), 0 Warning(s), took 0.101ms to complete.
[2019.10.12-03.24.19:307][  0]LogFileHelpers: Loading map 'FirstPersonExampleMap' took 4.744
[2019.10.12-03.24.24:041][  0]LogSlate: Updating window title bar state: overlay mode, drag disabled, window buttons hidden, title bar hidden
[2019.10.12-03.24.24:221][  0]LogSlate: Updating window title bar state: overlay mode, drag disabled, window buttons hidden, title bar hidden
[2019.10.12-03.24.24:233][  0]LogSlate: Updating window title bar state: overlay mode, drag disabled, window buttons hidden, title bar hidden
[2019.10.12-03.24.24:243][  0]LogSlate: Updating window title bar state: overlay mode, drag disabled, window buttons hidden, title bar hidden
[2019.10.12-03.24.24:584][  0]LogCollectionManager: Loaded 0 collections in 0.002109 seconds
[2019.10.12-03.24.25:984][  0]LogFileCache: Scanning file cache for directory 'F:/UnrealGames/GameJamFall2019/MyProject/Saved/Collections/' took 0.00s
[2019.10.12-03.24.25:984][  0]LogFileCache: Scanning file cache for directory 'F:/UnrealGames/GameJamFall2019/MyProject/Content/Developers/yconn/Collections/' took 0.00s
[2019.10.12-03.24.25:984][  0]LogFileCache: Scanning file cache for directory 'F:/UnrealGames/GameJamFall2019/MyProject/Content/Collections/' took 0.00s
[2019.10.12-03.24.25:984][  0]LogCollectionManager: Rebuilt the GUID cache for 0 collections in 0.000002 seconds
[2019.10.12-03.24.26:042][  0]LogContentBrowser: Native class hierarchy populated in 0.0394 seconds. Added 2867 classes and 682 folders.
[2019.10.12-03.24.26:807][  0]LogContentBrowser: Native class hierarchy updated for 'WidgetCarousel' in 0.0003 seconds. Added 0 classes and 0 folders.
[2019.10.12-03.24.31:702][  0]LogContentBrowser: Native class hierarchy updated for 'AddContentDialog' in 0.0003 seconds. Added 0 classes and 0 folders.
[2019.10.12-03.24.32:143][  0]LogContentBrowser: Native class hierarchy updated for 'SceneOutliner' in 0.0003 seconds. Added 1 classes and 2 folders.
[2019.10.12-03.24.37:179][  0]LogAssetRegistry: Error: Failed to open file for write ../../../../UnrealGames/GameJamFall2019/MyProject/Intermediate/CachedAssetRegistry.bin
[2019.10.12-03.24.37:179][  0]LogSlate: Took 0.000258 seconds to synchronously load lazily loaded font '../../../Engine/Content/Slate/Fonts/Roboto-Regular.ttf' (155K)
[2019.10.12-03.24.37:185][  0]LogSlate: Took 0.000258 seconds to synchronously load lazily loaded font '../../../Engine/Content/Slate/Fonts/Roboto-Bold.ttf' (160K)
[2019.10.12-03.24.37:221][  0]LogSlate: Took 0.030153 seconds to synchronously load lazily loaded font '../../../Engine/Content/Editor/Slate/Fonts/FontAwesome.ttf' (139K)
[2019.10.12-03.24.37:357][  0]LogSlate: Took 0.135574 seconds to synchronously load lazily loaded font '../../../Engine/Content/Slate/Fonts/DroidSansMono.ttf' (77K)
[2019.10.12-03.24.37:927][  0]LogRenderer: Reallocating scene render targets to support 1160x624 Format 10 NumSamples 1 (Frame:1).
[2019.10.12-03.24.38:411][  0]LogContentBrowser: Native class hierarchy updated for 'HierarchicalLODOutliner' in 0.0010 seconds. Added 0 classes and 0 folders.
[2019.10.12-03.24.38:412][  0]LogLoad: (Engine Initialization) Total time: 35.23 seconds
[2019.10.12-03.24.38:413][  0]LogLoad: (Engine Initialization) Total Blueprint compile time: 0.00 seconds
[2019.10.12-03.24.38:817][  0]LogContentStreaming: Texture pool size now 1000 MB
[2019.10.12-03.24.39:190][  2]LogAssetRegistry: Asset discovery search completed in 33.2087 seconds
[2019.10.12-03.24.39:195][  2]LogCollectionManager: Rebuilt the object cache for 0 collections in 0.000008 seconds (found 0 objects)
[2019.10.12-03.24.39:195][  2]LogCollectionManager: Fixed up redirectors for 0 collections in 0.000232 seconds (updated 0 objects)
[2019.10.12-03.24.41:920][299]LogSlate: FSceneViewport::OnFocusLost() reason 0
[2019.10.12-03.25.19:508][770]LogSlate: FSceneViewport::OnFocusLost() reason 0
[2019.10.12-03.25.19:677][770]LogSlate: Took 0.039006 seconds to synchronously load lazily loaded font '../../../Engine/Content/Slate/Fonts/Roboto-Light.ttf' (167K)
[2019.10.12-03.25.49:587][234]LogSlate: Took 0.000463 seconds to synchronously load lazily loaded font '../../../Engine/Content/Slate/Fonts/Roboto-Light.ttf' (167K)
[2019.10.12-03.25.49:727][234]LogSlate: Took 0.022555 seconds to synchronously load lazily loaded font '../../../Engine/Content/Slate/Fonts/Roboto-BoldCondensed.ttf' (158K)
[2019.10.12-03.26.15:035][ 28]Candidate modules for hot reload:
[2019.10.12-03.26.15:035][ 28]  MyProject
[2019.10.12-03.26.15:035][ 28]Launching UnrealBuildTool... [F:/UE_4.23/Engine/Binaries/DotNET/UnrealBuildTool.exe  -ModuleWithSuffix=MyProject,2193 Win64 Development -TargetType=Editor -Project="F:/UnrealGames/GameJamFall2019/MyProject/MyProject.uproject" "F:/UnrealGames/GameJamFall2019/MyProject/MyProject.uproject"  -IgnoreJunk]
[2019.10.12-03.33.48:515][ 28]CompilerResultsLog: New page: Compilation - Oct 11, 2019, 5:33:48 PM
[2019.10.12-03.33.48:516][ 28]CompilerResultsLog: Using 'git status' to determine working set for adaptive non-unity build (F:\UnrealGames\GameJamFall2019).
[2019.10.12-03.33.48:517][ 28]CompilerResultsLog: Creating makefile for MyProjectEditor (no existing makefile)
[2019.10.12-03.33.48:518][ 28]CompilerResultsLog: Parsing headers for MyProjectEditor
[2019.10.12-03.33.48:518][ 28]CompilerResultsLog:   Running UnrealHeaderTool "F:\UnrealGames\GameJamFall2019\MyProject\MyProject.uproject" "F:\UnrealGames\GameJamFall2019\MyProject\Intermediate\Build\Win64\MyProjectEditor\Development\MyProjectEditor.uhtmanifest" -LogCmds="loginit warning, logexit warning, logdatabase error" -Unattended -WarningsAsErrors -installed
[2019.10.12-03.33.48:520][ 28]CompilerResultsLog: Reflection code generated for MyProjectEditor in 32.5821452 seconds
[2019.10.12-03.33.48:520][ 28]CompilerResultsLog: Using Visual Studio 2017 14.16.27023 toolchain (C:\Program Files (x86)\Microsoft Visual Studio\2017\Community\VC\Tools\MSVC\14.16.27023) and Windows 10.0.16299.0 SDK (C:\Program Files (x86)\Windows Kits\10).
[2019.10.12-03.33.48:522][ 28]CompilerResultsLog: Building 15 actions with 4 processes...
[2019.10.12-03.33.48:522][ 28]CompilerResultsLog:   [1/15] MyProjectProjectile.gen.cpp
[2019.10.12-03.33.48:522][ 28]CompilerResultsLog:   [2/15] MyProjectGameMode.gen.cpp
[2019.10.12-03.33.48:523][ 28]CompilerResultsLog:   [3/15] MyProjectHUD.gen.cpp
[2019.10.12-03.33.48:523][ 28]CompilerResultsLog:   [4/15] MyProjectCharacter.gen.cpp
[2019.10.12-03.33.48:524][ 28]CompilerResultsLog:   [5/15] MyProject.init.gen.cpp
[2019.10.12-03.33.48:524][ 28]CompilerResultsLog:   [6/15] MagneticCube.gen.cpp
[2019.10.12-03.33.48:524][ 28]CompilerResultsLog:   [7/15] MyProject.cpp
[2019.10.12-03.33.48:525][ 28]CompilerResultsLog:   [8/15] MagneticCube.cpp
[2019.10.12-03.33.48:525][ 28]CompilerResultsLog:   [9/15] MyProjectProjectile.cpp
[2019.10.12-03.33.48:526][ 28]CompilerResultsLog:   [10/15] MyProjectGameMode.cpp
[2019.10.12-03.33.48:526][ 28]CompilerResultsLog:   [11/15] MyProjectHUD.cpp
[2019.10.12-03.33.48:527][ 28]CompilerResultsLog:   [12/15] MyProjectCharacter.cpp
[2019.10.12-03.33.48:527][ 28]CompilerResultsLog:   [13/15] UE4Editor-MyProject-2193.lib
[2019.10.12-03.33.48:528][ 28]CompilerResultsLog:      Creating library F:\UnrealGames\GameJamFall2019\MyProject\Intermediate\Build\Win64\UE4Editor\Development\MyProject\UE4Editor-MyProject-2193.lib and object F:\UnrealGames\GameJamFall2019\MyProject\Intermediate\Build\Win64\UE4Editor\Development\MyProject\UE4Editor-MyProject-2193.exp
[2019.10.12-03.33.48:529][ 28]CompilerResultsLog:   [14/15] UE4Editor-MyProject-2193.dll
[2019.10.12-03.33.48:530][ 28]CompilerResultsLog:      Creating library F:\UnrealGames\GameJamFall2019\MyProject\Intermediate\Build\Win64\UE4Editor\Development\MyProject\UE4Editor-MyProject-2193.suppressed.lib and object F:\UnrealGames\GameJamFall2019\MyProject\Intermediate\Build\Win64\UE4Editor\Development\MyProject\UE4Editor-MyProject-2193.suppressed.exp
[2019.10.12-03.33.48:531][ 28]CompilerResultsLog:   [15/15] MyProjectEditor.target
[2019.10.12-03.33.48:532][ 28]CompilerResultsLog: Total time in Parallel executor: 412.20 seconds
[2019.10.12-03.33.48:532][ 28]CompilerResultsLog: Total execution time: 453.28 seconds
[2019.10.12-03.33.48:533][ 28]LogMainFrame: MainFrame: Module compiling took 453.669 seconds
[2019.10.12-03.33.48:714][ 28]LogUObjectHash: Compacting FUObjectHashTables data took   2.82ms
[2019.10.12-03.33.48:765][ 28]LogClass: Could not find existing class MagneticCube in package /Script/MyProject for HotReload, assuming new class
[2019.10.12-03.33.48:781][ 28]LogContentBrowser: Native class hierarchy updated for 'MyProject' in 0.0005 seconds. Added 5 classes and 2 folders.
[2019.10.12-03.33.48:784][ 28]Display: HotReload successful (1 functions remapped  0 scriptstructs remapped)
[2019.10.12-03.33.49:427][ 28]LogUObjectHash: Compacting FUObjectHashTables data took   2.32ms
[2019.10.12-03.33.49:461][ 28]LogContentBrowser: Native class hierarchy populated in 0.0084 seconds. Added 2869 classes and 684 folders.
[2019.10.12-03.33.49:557][ 28]Display: HotReload took 455.0s.
[2019.10.12-03.33.49:567][ 28]Warning: HotReload operation took 455.0s.
[2019.10.12-03.33.50:323][ 28]LogSlate: Window 'Add C++ Class' being destroyed
[2019.10.12-03.33.50:569][ 29]LogHotReload: New module detected: UE4Editor-MyProject-2193.dll
[2019.10.12-03.33.50:604][ 30]LogHotReload: Starting Hot-Reload from IDE
[2019.10.12-03.33.50:644][ 30]LogUObjectHash: Compacting FUObjectHashTables data took   0.69ms
[2019.10.12-03.33.50:647][ 30]LogContentBrowser: Native class hierarchy updated for 'MyProject' in 0.0003 seconds. Added 5 classes and 2 folders.
[2019.10.12-03.33.50:650][ 30]Display: HotReload successful (0 functions remapped  0 scriptstructs remapped)
[2019.10.12-03.33.50:679][ 30]LogUObjectHash: Compacting FUObjectHashTables data took   0.60ms
[2019.10.12-03.33.50:692][ 30]LogContentBrowser: Native class hierarchy populated in 0.0080 seconds. Added 2869 classes and 684 folders.
[2019.10.12-03.33.50:694][ 30]Display: HotReload took  0.1s.
[2019.10.12-04.09.38:604][694]LogHttp: Warning: 0000028C1E5547C0: invalid HTTP response code received. URL: https://datarouter.ol.epicgames.com/datarouter/api/v1/public/data?SessionID=%7B14B4843A-4AA8-3569-C0F0-00A07F3129EB%7D&AppID=UEEditor.Rocket.Release&AppVersion=4.23.0-8386587%2B%2B%2BUE4%2BRelease-4.23&UserID=ae999e8541d2460070f644b158f2b42a%7C7c5f37177b644fee89ad296b286bc11d%7Cd7cb96ce-e030-4cd2-91f1-9c08bfa13457&AppEnvironment=datacollector-binary&UploadType=eteventstream, HTTP code: 0, content length: -1, actual payload size: 0
[2019.10.12-04.09.38:606][694]LogHttp: Warning: 0000028C1E5547C0: request failed, libcurl error: 0 (No error)
[2019.10.12-04.09.38:606][694]LogHttp: Warning: 0000028C1E5547C0: libcurl info message cache 0 (Found bundle for host datarouter.ol.epicgames.com: 0x28c1ca4ff70 [can pipeline])
[2019.10.12-04.09.38:606][694]LogHttp: Warning: 0000028C1E5547C0: libcurl info message cache 1 (Re-using existing connection! (#17) with host datarouter.ol.epicgames.com)
[2019.10.12-04.09.38:606][694]LogHttp: Warning: 0000028C1E5547C0: libcurl info message cache 2 (Connected to datarouter.ol.epicgames.com (52.1.90.14) port 443 (#17))
[2019.10.12-04.09.38:607][694]LogHttp: Warning: 0000028C1E5547C0: libcurl info message cache 3 (We are completely uploaded and fine)
[2019.10.12-04.09.38:607][694]LogHttp: Warning: 0000028C1E5547C0: libcurl info message cache 4 (TLSv1.2 (IN), TLS alert, Client hello (1):)
[2019.10.12-04.09.38:607][694]LogHttp: Warning: 0000028C1E5547C0: libcurl info message cache 5 (Connection died, retrying a fresh connect)
[2019.10.12-04.09.38:607][694]LogHttp: Warning: 0000028C1E5547C0: libcurl info message cache 6 (necessary data rewind wasn't possible)
[2019.10.12-04.09.38:607][694]LogHttp: Warning: 0000028C1E5547C0: libcurl info message cache 7 (Closing connection 17)
[2019.10.12-04.09.38:608][694]LogHttp: Warning: 0000028C1E5547C0: libcurl info message cache 8 (TLSv1.2 (OUT), TLS alert, Client hello (1):)
[2019.10.12-04.09.38:608][694]LogHttp: Warning: Retry exhausted on https://datarouter.ol.epicgames.com/datarouter/api/v1/public/data?SessionID=%7B14B4843A-4AA8-3569-C0F0-00A07F3129EB%7D&AppID=UEEditor.Rocket.Release&AppVersion=4.23.0-8386587%2B%2B%2BUE4%2BRelease-4.23&UserID=ae999e8541d2460070f644b158f2b42a%7C7c5f37177b644fee89ad296b286bc11d%7Cd7cb96ce-e030-4cd2-91f1-9c08bfa13457&AppEnvironment=datacollector-binary&UploadType=eteventstream
[2019.10.12-04.26.52:310][ 85]LogHotReload: New module detected: UE4Editor-MyProject-0002.dll
[2019.10.12-04.26.54:341][ 92]LogHotReload: Starting Hot-Reload from IDE
[2019.10.12-04.26.54:879][ 92]LogUObjectHash: Compacting FUObjectHashTables data took   4.01ms
[2019.10.12-04.26.55:305][ 92]LogHotReload: Re-instancing MagneticCube after hot-reload.
[2019.10.12-04.26.56:325][ 92]LogContentBrowser: Native class hierarchy updated for 'MyProject' in 0.0020 seconds. Added 5 classes and 2 folders.
[2019.10.12-04.26.56:329][ 92]Display: HotReload successful (1 functions remapped  0 scriptstructs remapped)
[2019.10.12-04.26.56:413][ 92]LogUObjectHash: Compacting FUObjectHashTables data took   1.90ms
[2019.10.12-04.26.56:551][ 92]LogContentBrowser: Native class hierarchy populated in 0.0275 seconds. Added 2869 classes and 684 folders.
[2019.10.12-04.26.56:683][ 92]Display: HotReload took  2.3s.
[2019.10.12-04.27.06:372][258]LogEditor: Attempting to add actor of class 'MagneticCube' to level at -660.00,-360.00,170.00
[2019.10.12-04.27.07:344][258]LogEditor: Attempting to add actor of class 'MagneticCube' to level at -400.00,-530.00,170.00
[2019.10.12-04.27.54:356][441]LogUObjectHash: Compacting FUObjectHashTables data took   1.97ms
[2019.10.12-04.27.55:241][441]LogSavePackage: Moving '../../../../UnrealGames/GameJamFall2019/MyProject/Saved/FirstPersonExampleMap_Auto1E423E557459E40A98BA58A98AF09A5C4.tmp' to '../../../../UnrealGames/GameJamFall2019/MyProject/Saved/Autosaves/Game/FirstPersonCPP/Maps/FirstPersonExampleMap_Auto1.umap'
[2019.10.12-04.27.55:382][441]LogFileHelpers: Editor autosave (incl. sublevels) for '/Game/FirstPersonCPP/Maps/FirstPersonExampleMap' took 1.052
[2019.10.12-04.27.55:383][441]LogFileHelpers: Editor autosave (incl. sublevels) for all levels took 1.052
[2019.10.12-04.37.31:861][164]LogSlate: FSceneViewport::OnFocusLost() reason 5
[2019.10.12-04.37.37:639][681]LogSlate: Took 0.043424 seconds to synchronously load lazily loaded font '../../../Engine/Content/Slate/Fonts/Roboto-Italic.ttf' (157K)
[2019.10.12-04.37.40:997][  2]LogEditorViewport: Clicking on Actor (LMB): StaticMeshActor (EditorCube20)
[2019.10.12-04.37.42:173][  4]LogEditorViewport: Clicking on Actor (LMB): StaticMeshActor (EditorCube20)
[2019.10.12-04.37.44:482][212]LogSlate: FSceneViewport::OnFocusLost() reason 2
[2019.10.12-04.37.54:018][101]LogEditorViewport: Clicking on Actor (LMB): StaticMeshActor (Floor)
[2019.10.12-04.37.55:530][274]LogEditorViewport: Clicking on Actor (LMB): StaticMeshActor (Floor)
[2019.10.12-04.37.56:672][409]LogEditorViewport: Clicking on Actor (LMB): StaticMeshActor (Floor)
[2019.10.12-04.37.57:284][480]LogEditorViewport: Clicking on Actor (LMB): StaticMeshActor (Floor)
[2019.10.12-04.37.58:123][579]LogEditorViewport: Clicking on Actor (LMB): StaticMeshActor (Floor)
[2019.10.12-04.38.03:533][224]LogSlate: FSceneViewport::OnFocusLost() reason 0
[2019.10.12-04.44.27:044][989]LogHotReload: New module detected: UE4Editor-MyProject-0004.dll
[2019.10.12-04.44.28:390][994]LogHotReload: Starting Hot-Reload from IDE
[2019.10.12-04.44.28:679][994]LogUObjectHash: Compacting FUObjectHashTables data took  16.13ms
[2019.10.12-04.44.29:030][994]LogHotReload: Re-instancing MagneticCube after hot-reload.
[2019.10.12-04.44.29:167][994]LogContentBrowser: Native class hierarchy updated for 'MyProject' in 0.0003 seconds. Added 5 classes and 2 folders.
[2019.10.12-04.44.29:170][994]Display: HotReload successful (1 functions remapped  0 scriptstructs remapped)
[2019.10.12-04.44.29:239][994]LogUObjectHash: Compacting FUObjectHashTables data took   1.27ms
[2019.10.12-04.44.29:253][994]LogContentBrowser: Native class hierarchy populated in 0.0088 seconds. Added 2869 classes and 684 folders.
[2019.10.12-04.44.29:255][994]Display: HotReload took  0.9s.
[2019.10.12-04.44.57:611][476]LogSlate: FSceneViewport::OnFocusLost() reason 0
[2019.10.12-04.46.25:145][684]LogHotReload: New module detected: UE4Editor-MyProject-0005.dll
[2019.10.12-04.46.26:830][690]LogHotReload: Starting Hot-Reload from IDE
[2019.10.12-04.46.26:867][690]LogUObjectHash: Compacting FUObjectHashTables data took   0.65ms
[2019.10.12-04.46.26:968][690]LogHotReload: Re-instancing MagneticCube after hot-reload.
[2019.10.12-04.46.27:070][690]LogContentBrowser: Native class hierarchy updated for 'MyProject' in 0.0003 seconds. Added 5 classes and 2 folders.
[2019.10.12-04.46.27:074][690]Display: HotReload successful (1 functions remapped  0 scriptstructs remapped)
[2019.10.12-04.46.27:136][690]LogUObjectHash: Compacting FUObjectHashTables data took   1.82ms
[2019.10.12-04.46.27:152][690]LogContentBrowser: Native class hierarchy populated in 0.0103 seconds. Added 2869 classes and 684 folders.
[2019.10.12-04.46.27:155][690]Display: HotReload took  0.3s.
[2019.10.12-04.46.32:638][ 23]LogSlate: FSceneViewport::OnFocusLost() reason 0
[2019.10.12-04.48.55:375][841]LogSlate: FSceneViewport::OnFocusLost() reason 2
[2019.10.12-04.49.00:453][441]LogSlate: FSceneViewport::OnFocusLost() reason 0
[2019.10.12-04.51.34:873][740]LogHotReload: New module detected: UE4Editor-MyProject-0007.dll
[2019.10.12-04.51.36:273][745]LogHotReload: Starting Hot-Reload from IDE
[2019.10.12-04.51.36:313][745]LogUObjectHash: Compacting FUObjectHashTables data took   1.43ms
[2019.10.12-04.51.36:633][745]LogHotReload: Re-instancing MagneticCube after hot-reload.
[2019.10.12-04.51.36:829][745]LogContentBrowser: Native class hierarchy updated for 'MyProject' in 0.0004 seconds. Added 5 classes and 2 folders.
[2019.10.12-04.51.36:832][745]Display: HotReload successful (1 functions remapped  0 scriptstructs remapped)
[2019.10.12-04.51.36:900][745]LogUObjectHash: Compacting FUObjectHashTables data took   1.59ms
[2019.10.12-04.51.36:914][745]LogContentBrowser: Native class hierarchy populated in 0.0088 seconds. Added 2869 classes and 684 folders.
[2019.10.12-04.51.36:917][745]Display: HotReload took  0.6s.
[2019.10.12-04.51.48:374][780]LogSlate: FSceneViewport::OnFocusLost() reason 0
[2019.10.12-04.52.13:553][492]LogHotReload: New module detected: UE4Editor-MyProject-0008.dll
[2019.10.12-04.52.14:568][496]LogHotReload: Starting Hot-Reload from IDE
[2019.10.12-04.52.14:615][496]LogUObjectHash: Compacting FUObjectHashTables data took   0.79ms
[2019.10.12-04.52.14:876][496]LogHotReload: Re-instancing MagneticCube after hot-reload.
[2019.10.12-04.52.14:966][496]LogContentBrowser: Native class hierarchy updated for 'MyProject' in 0.0004 seconds. Added 5 classes and 2 folders.
[2019.10.12-04.52.14:969][496]Display: HotReload successful (1 functions remapped  0 scriptstructs remapped)
[2019.10.12-04.52.15:029][496]LogUObjectHash: Compacting FUObjectHashTables data took   1.23ms
[2019.10.12-04.52.15:043][496]LogContentBrowser: Native class hierarchy populated in 0.0083 seconds. Added 2869 classes and 684 folders.
[2019.10.12-04.52.15:045][496]Display: HotReload took  0.5s.
[2019.10.12-04.52.18:135][505]LogUObjectHash: Compacting FUObjectHashTables data took   0.77ms
[2019.10.12-04.52.18:296][505]LogSavePackage: Moving '../../../../UnrealGames/GameJamFall2019/MyProject/Saved/FirstPersonExampleMap_Auto23B889E094D6F3BF357D2389964C4652F.tmp' to '../../../../UnrealGames/GameJamFall2019/MyProject/Saved/Autosaves/Game/FirstPersonCPP/Maps/FirstPersonExampleMap_Auto2.umap'
[2019.10.12-04.52.18:299][505]LogFileHelpers: Editor autosave (incl. sublevels) for '/Game/FirstPersonCPP/Maps/FirstPersonExampleMap' took 0.186
[2019.10.12-04.52.18:299][505]LogFileHelpers: Editor autosave (incl. sublevels) for all levels took 0.186
[2019.10.12-04.54.56:757][108]LogHotReload: New module detected: UE4Editor-MyProject-0009.dll
[2019.10.12-04.54.58:111][113]LogHotReload: Starting Hot-Reload from IDE
[2019.10.12-04.54.58:142][113]LogUObjectHash: Compacting FUObjectHashTables data took   2.27ms
[2019.10.12-04.54.58:167][113]LogHotReload: Re-instancing MagneticCube after hot-reload.
[2019.10.12-04.54.58:257][113]LogContentBrowser: Native class hierarchy updated for 'MyProject' in 0.0004 seconds. Added 5 classes and 2 folders.
[2019.10.12-04.54.58:260][113]Display: HotReload successful (1 functions remapped  0 scriptstructs remapped)
[2019.10.12-04.54.58:320][113]LogUObjectHash: Compacting FUObjectHashTables data took   1.63ms
[2019.10.12-04.54.58:334][113]LogContentBrowser: Native class hierarchy populated in 0.0096 seconds. Added 2869 classes and 684 folders.
[2019.10.12-04.54.58:337][113]Display: HotReload took  0.2s.
[2019.10.12-04.55.00:696][188]LogEditorViewport: Clicking on Actor (LMB): StaticMeshActor (Floor)
[2019.10.12-04.55.07:125][955]LogSlate: FSceneViewport::OnFocusLost() reason 0
[2019.10.12-04.56.05:657][454]LogHotReload: New module detected: UE4Editor-MyProject-0010.dll
[2019.10.12-04.56.07:054][459]LogHotReload: Starting Hot-Reload from IDE
[2019.10.12-04.56.07:091][459]LogUObjectHash: Compacting FUObjectHashTables data took   0.65ms
[2019.10.12-04.56.07:292][459]LogHotReload: Re-instancing MagneticCube after hot-reload.
[2019.10.12-04.56.07:456][459]LogContentBrowser: Native class hierarchy updated for 'MyProject' in 0.0003 seconds. Added 5 classes and 2 folders.
[2019.10.12-04.56.07:459][459]Display: HotReload successful (1 functions remapped  0 scriptstructs remapped)
[2019.10.12-04.56.07:519][459]LogUObjectHash: Compacting FUObjectHashTables data took   1.62ms
[2019.10.12-04.56.07:533][459]LogContentBrowser: Native class hierarchy populated in 0.0085 seconds. Added 2869 classes and 684 folders.
[2019.10.12-04.56.07:535][459]Display: HotReload took  0.5s.
[2019.10.12-04.57.38:397][570]LogEditor: Attempting to add actor of class 'MagneticCube' to level at -360.00,-400.00,170.00
[2019.10.12-04.57.39:580][704]LogEditor: Attempting to add actor of class 'MagneticCube' to level at -600.00,-190.00,170.00
[2019.10.12-04.57.41:756][958]LogSlate: FSceneViewport::OnFocusLost() reason 0
[2019.10.12-04.57.42:765][ 75]Cmd: DELETE
[2019.10.12-04.57.42:766][ 75]Cmd: ACTOR DELETE
[2019.10.12-04.57.43:335][ 75]LogEditorActor: Deleted Actor: MagneticCube
[2019.10.12-04.57.43:391][ 75]LogUObjectHash: Compacting FUObjectHashTables data took   1.85ms
[2019.10.12-04.57.43:391][ 75]LogEditorActor: Deleted 1 Actors (0.140 secs)
[2019.10.12-04.57.44:502][208]LogEditorViewport: Clicking on Actor (LMB): MagneticCube (MagneticCube9)
[2019.10.12-05.02.19:412][128]LogSlate: FSceneViewport::OnFocusLost() reason 5
[2019.10.12-05.02.19:456][128]LogUObjectHash: Compacting FUObjectHashTables data took   0.73ms
[2019.10.12-05.02.19:688][128]LogSavePackage: Moving '../../../../UnrealGames/GameJamFall2019/MyProject/Saved/FirstPersonExampleMap_Auto3BC4A56FC43D3B328536DAB82A60E4012.tmp' to '../../../../UnrealGames/GameJamFall2019/MyProject/Saved/Autosaves/Game/FirstPersonCPP/Maps/FirstPersonExampleMap_Auto3.umap'
[2019.10.12-05.02.19:691][128]LogFileHelpers: Editor autosave (incl. sublevels) for '/Game/FirstPersonCPP/Maps/FirstPersonExampleMap' took 0.257
[2019.10.12-05.02.19:691][128]LogFileHelpers: Editor autosave (incl. sublevels) for all levels took 0.257
[2019.10.12-05.04.48:754][333]LogSlate: FSceneViewport::OnFocusLost() reason 0
[2019.10.12-05.07.37:819][807]LogHotReload: New module detected: UE4Editor-MyProject-0011.dll
[2019.10.12-05.07.38:855][811]LogHotReload: Starting Hot-Reload from IDE
[2019.10.12-05.07.38:909][811]LogUObjectHash: Compacting FUObjectHashTables data took   2.11ms
[2019.10.12-05.07.39:321][811]LogHotReload: Re-instancing MagneticCube after hot-reload.
[2019.10.12-05.07.39:436][811]LogContentBrowser: Native class hierarchy updated for 'MyProject' in 0.0004 seconds. Added 5 classes and 2 folders.
[2019.10.12-05.07.39:440][811]Display: HotReload successful (1 functions remapped  0 scriptstructs remapped)
[2019.10.12-05.07.39:504][811]LogUObjectHash: Compacting FUObjectHashTables data took   1.42ms
[2019.10.12-05.07.39:519][811]LogContentBrowser: Native class hierarchy populated in 0.0090 seconds. Added 2869 classes and 684 folders.
[2019.10.12-05.07.39:521][811]Display: HotReload took  0.7s.
[2019.10.12-05.07.49:790][660]LogSlate: FSceneViewport::OnFocusLost() reason 0
[2019.10.12-05.07.49:907][671]LogEditor: Attempting to add actor of class 'MagneticCube' to level at -760.00,-500.00,170.00
[2019.10.12-05.07.50:765][768]LogEditor: Attempting to add actor of class 'MagneticCube' to level at -330.00,-520.00,170.00
[2019.10.12-05.07.53:243][ 64]LogSlate: FSceneViewport::OnFocusLost() reason 0
[2019.10.12-05.07.54:378][200]Cmd: DELETE
[2019.10.12-05.07.54:378][200]Cmd: ACTOR DELETE
[2019.10.12-05.07.54:379][200]LogEditorActor: Deleted Actor: MagneticCube
[2019.10.12-05.07.54:402][200]LogUObjectHash: Compacting FUObjectHashTables data took   1.52ms
[2019.10.12-05.07.54:402][200]LogEditorActor: Deleted 1 Actors (0.024 secs)
[2019.10.12-05.07.55:635][348]LogEditorViewport: Clicking on Actor (LMB): MagneticCube (MagneticCube12)
[2019.10.12-05.12.20:238][171]LogSlate: FSceneViewport::OnFocusLost() reason 5
[2019.10.12-05.12.20:281][171]LogUObjectHash: Compacting FUObjectHashTables data took   0.71ms
[2019.10.12-05.12.20:439][171]LogSavePackage: Moving '../../../../UnrealGames/GameJamFall2019/MyProject/Saved/FirstPersonExampleMap_Auto488A14DE3444A900E4ECBA5AE26B195FD.tmp' to '../../../../UnrealGames/GameJamFall2019/MyProject/Saved/Autosaves/Game/FirstPersonCPP/Maps/FirstPersonExampleMap_Auto4.umap'
[2019.10.12-05.12.20:441][171]LogFileHelpers: Editor autosave (incl. sublevels) for '/Game/FirstPersonCPP/Maps/FirstPersonExampleMap' took 0.182
[2019.10.12-05.12.20:442][171]LogFileHelpers: Editor autosave (incl. sublevels) for all levels took 0.182
[2019.10.12-05.15.39:360][667]LogHotReload: New module detected: UE4Editor-MyProject-0012.dll
[2019.10.12-05.15.42:083][676]LogHotReload: Starting Hot-Reload from IDE
[2019.10.12-05.15.42:165][676]LogUObjectHash: Compacting FUObjectHashTables data took   3.41ms
[2019.10.12-05.15.42:217][676]LogHotReload: Re-instancing MagneticCube after hot-reload.
[2019.10.12-05.15.42:381][676]LogContentBrowser: Native class hierarchy updated for 'MyProject' in 0.0003 seconds. Added 5 classes and 2 folders.
[2019.10.12-05.15.42:385][676]Display: HotReload successful (1 functions remapped  0 scriptstructs remapped)
[2019.10.12-05.15.42:472][676]LogUObjectHash: Compacting FUObjectHashTables data took   1.42ms
[2019.10.12-05.15.42:488][676]LogContentBrowser: Native class hierarchy populated in 0.0101 seconds. Added 2869 classes and 684 folders.
[2019.10.12-05.15.42:496][676]Display: HotReload took  0.4s.
[2019.10.12-05.15.56:052][988]LogSlate: FSceneViewport::OnFocusLost() reason 0
[2019.10.12-05.15.56:191][  3]LogEditor: Attempting to add actor of class 'MagneticCube' to level at -540.00,-420.00,170.00
[2019.10.12-05.15.57:086][ 98]LogEditor: Attempting to add actor of class 'MagneticCube' to level at -280.00,-370.00,170.00
[2019.10.12-05.15.59:623][390]Cmd: DELETE
[2019.10.12-05.15.59:624][390]Cmd: ACTOR DELETE
[2019.10.12-05.15.59:625][390]LogEditorActor: Deleted Actor: MagneticCube
[2019.10.12-05.15.59:648][390]LogUObjectHash: Compacting FUObjectHashTables data took   1.65ms
[2019.10.12-05.15.59:648][390]LogEditorActor: Deleted 1 Actors (0.024 secs)
[2019.10.12-05.16.00:597][498]LogEditorViewport: Clicking on Actor (LMB): MagneticCube (MagneticCube12)
[2019.10.12-05.16.01:425][594]Cmd: DELETE
[2019.10.12-05.16.01:425][594]Cmd: ACTOR DELETE
[2019.10.12-05.16.01:426][594]LogEditorActor: Deleted Actor: MagneticCube
[2019.10.12-05.16.01:448][594]LogUObjectHash: Compacting FUObjectHashTables data took   0.60ms
[2019.10.12-05.16.01:448][594]LogEditorActor: Deleted 1 Actors (0.023 secs)
[2019.10.12-05.22.21:357][933]LogUObjectHash: Compacting FUObjectHashTables data took   0.80ms
[2019.10.12-05.22.21:860][933]LogSavePackage: Moving '../../../../UnrealGames/GameJamFall2019/MyProject/Saved/FirstPersonExampleMap_Auto53AD0F57049309A7B69C0EF80DB3629C1.tmp' to '../../../../UnrealGames/GameJamFall2019/MyProject/Saved/Autosaves/Game/FirstPersonCPP/Maps/FirstPersonExampleMap_Auto5.umap'
[2019.10.12-05.22.21:888][933]LogFileHelpers: Editor autosave (incl. sublevels) for '/Game/FirstPersonCPP/Maps/FirstPersonExampleMap' took 0.553
[2019.10.12-05.22.21:889][933]LogFileHelpers: Editor autosave (incl. sublevels) for all levels took 0.553
[2019.10.12-05.35.50:775][775]LogHotReload: New module detected: UE4Editor-MyProject-0013.dll
[2019.10.12-05.35.52:468][781]LogHotReload: Starting Hot-Reload from IDE
[2019.10.12-05.35.52:509][781]LogUObjectHash: Compacting FUObjectHashTables data took   2.00ms
[2019.10.12-05.35.52:552][781]LogHotReload: Re-instancing MagneticCube after hot-reload.
[2019.10.12-05.35.52:652][781]LogContentBrowser: Native class hierarchy updated for 'MyProject' in 0.0004 seconds. Added 5 classes and 2 folders.
[2019.10.12-05.35.52:654][781]Display: HotReload successful (1 functions remapped  0 scriptstructs remapped)
[2019.10.12-05.35.52:718][781]LogUObjectHash: Compacting FUObjectHashTables data took   1.47ms
[2019.10.12-05.35.52:734][781]LogContentBrowser: Native class hierarchy populated in 0.0101 seconds. Added 2869 classes and 684 folders.
[2019.10.12-05.35.52:736][781]Display: HotReload took  0.3s.
[2019.10.12-05.36.55:698][ 75]LogEditorViewport: Clicking on Actor (LMB): StaticMeshActor (Floor)
[2019.10.12-05.37.00:719][637]LogSlate: FSceneViewport::OnFocusLost() reason 0
[2019.10.12-05.37.00:862][653]LogEditor: Attempting to add actor of class 'MagneticCube' to level at -760.00,-230.00,170.00
[2019.10.12-05.37.01:579][734]LogEditor: Attempting to add actor of class 'MagneticCube' to level at -180.00,-1180.00,170.00
[2019.10.12-05.37.30:796][105]LogHotReload: New module detected: UE4Editor-MyProject-0014.dll
[2019.10.12-05.37.31:812][109]LogHotReload: Starting Hot-Reload from IDE
[2019.10.12-05.37.31:850][109]LogUObjectHash: Compacting FUObjectHashTables data took   2.10ms
[2019.10.12-05.37.31:878][109]LogHotReload: Re-instancing MagneticCube after hot-reload.
[2019.10.12-05.37.31:983][109]LogContentBrowser: Native class hierarchy updated for 'MyProject' in 0.0004 seconds. Added 5 classes and 2 folders.
[2019.10.12-05.37.31:987][109]Display: HotReload successful (1 functions remapped  0 scriptstructs remapped)
[2019.10.12-05.37.32:051][109]LogUObjectHash: Compacting FUObjectHashTables data took   1.40ms
[2019.10.12-05.37.32:067][109]LogContentBrowser: Native class hierarchy populated in 0.0102 seconds. Added 2869 classes and 684 folders.
[2019.10.12-05.37.32:070][109]Display: HotReload took  0.3s.
[2019.10.12-05.37.35:444][230]LogSlate: FSceneViewport::OnFocusLost() reason 5
[2019.10.12-05.37.35:489][230]LogUObjectHash: Compacting FUObjectHashTables data took   1.64ms
[2019.10.12-05.37.35:616][230]LogSavePackage: Moving '../../../../UnrealGames/GameJamFall2019/MyProject/Saved/FirstPersonExampleMap_Auto6DD0D82C44A8A8D33D076599500F3D69A.tmp' to '../../../../UnrealGames/GameJamFall2019/MyProject/Saved/Autosaves/Game/FirstPersonCPP/Maps/FirstPersonExampleMap_Auto6.umap'
[2019.10.12-05.37.35:622][230]LogFileHelpers: Editor autosave (incl. sublevels) for '/Game/FirstPersonCPP/Maps/FirstPersonExampleMap' took 0.155
[2019.10.12-05.37.35:622][230]LogFileHelpers: Editor autosave (incl. sublevels) for all levels took 0.155
[2019.10.12-05.37.37:165][411]Cmd: DELETE
[2019.10.12-05.37.37:165][411]Cmd: ACTOR DELETE
[2019.10.12-05.37.37:166][411]LogEditorActor: Deleted Actor: MagneticCube
[2019.10.12-05.37.37:189][411]LogUObjectHash: Compacting FUObjectHashTables data took   1.69ms
[2019.10.12-05.37.37:189][411]LogEditorActor: Deleted 1 Actors (0.024 secs)
[2019.10.12-05.37.37:909][497]LogSlate: FSceneViewport::OnFocusLost() reason 0
[2019.10.12-05.37.38:022][510]LogEditor: Attempting to add actor of class 'MagneticCube' to level at -540.00,-1070.00,170.00
[2019.10.12-05.37.38:339][545]LogEditor: Attempting to add actor of class 'MagneticCube' to level at -290.00,-1200.00,170.00
[2019.10.12-05.38.43:646][803]LogHotReload: New module detected: UE4Editor-MyProject-0015.dll
[2019.10.12-05.38.45:021][808]LogHotReload: Starting Hot-Reload from IDE
[2019.10.12-05.38.45:064][808]LogUObjectHash: Compacting FUObjectHashTables data took   1.61ms
[2019.10.12-05.38.45:089][808]LogHotReload: Re-instancing MagneticCube after hot-reload.
[2019.10.12-05.38.45:183][808]LogContentBrowser: Native class hierarchy updated for 'MyProject' in 0.0004 seconds. Added 5 classes and 2 folders.
[2019.10.12-05.38.45:186][808]Display: HotReload successful (1 functions remapped  0 scriptstructs remapped)
[2019.10.12-05.38.45:268][808]LogUObjectHash: Compacting FUObjectHashTables data took   1.40ms
[2019.10.12-05.38.45:287][808]LogContentBrowser: Native class hierarchy populated in 0.0114 seconds. Added 2869 classes and 684 folders.
[2019.10.12-05.38.45:292][808]Display: HotReload took  0.3s.
[2019.10.12-05.38.51:004][275]LogSlate: FSceneViewport::OnFocusLost() reason 0
[2019.10.12-05.38.51:137][290]LogEditor: Attempting to add actor of class 'MagneticCube' to level at 60.00,-930.00,170.00
[2019.10.12-05.38.51:441][323]LogEditor: Attempting to add actor of class 'MagneticCube' to level at -110.00,-1300.00,170.00
[2019.10.12-05.38.55:089][755]Cmd: DELETE
[2019.10.12-05.38.55:089][755]Cmd: ACTOR DELETE
[2019.10.12-05.38.55:091][755]LogEditorActor: Deleted Actor: MagneticCube
[2019.10.12-05.38.55:113][755]LogUObjectHash: Compacting FUObjectHashTables data took   1.54ms
[2019.10.12-05.38.55:113][755]LogEditorActor: Deleted 1 Actors (0.024 secs)
[2019.10.12-05.38.55:490][800]LogEditorViewport: Clicking on Actor (LMB): MagneticCube (MagneticCube20)
[2019.10.12-05.38.55:671][820]Cmd: DELETE
[2019.10.12-05.38.55:671][820]Cmd: ACTOR DELETE
[2019.10.12-05.38.55:673][820]LogEditorActor: Deleted Actor: MagneticCube
[2019.10.12-05.38.55:694][820]LogUObjectHash: Compacting FUObjectHashTables data took   0.59ms
[2019.10.12-05.38.55:694][820]LogEditorActor: Deleted 1 Actors (0.023 secs)
[2019.10.12-05.39.31:349][312]LogHotReload: New module detected: UE4Editor-MyProject-0016.dll
[2019.10.12-05.39.32:699][317]LogHotReload: Starting Hot-Reload from IDE
[2019.10.12-05.39.32:730][317]LogUObjectHash: Compacting FUObjectHashTables data took   0.64ms
[2019.10.12-05.39.32:777][317]LogHotReload: Re-instancing MagneticCube after hot-reload.
[2019.10.12-05.39.32:868][317]LogContentBrowser: Native class hierarchy updated for 'MyProject' in 0.0005 seconds. Added 5 classes and 2 folders.
[2019.10.12-05.39.32:871][317]Display: HotReload successful (1 functions remapped  0 scriptstructs remapped)
[2019.10.12-05.39.32:935][317]LogUObjectHash: Compacting FUObjectHashTables data took   1.42ms
[2019.10.12-05.39.32:951][317]LogContentBrowser: Native class hierarchy populated in 0.0101 seconds. Added 2869 classes and 684 folders.
[2019.10.12-05.39.32:953][317]Display: HotReload took  0.3s.
[2019.10.12-05.39.35:848][446]LogSlate: FSceneViewport::OnFocusLost() reason 0
[2019.10.12-05.39.35:976][461]LogEditor: Attempting to add actor of class 'MagneticCube' to level at 80.00,-1150.00,170.00
[2019.10.12-05.39.36:218][487]LogEditor: Attempting to add actor of class 'MagneticCube' to level at -50.00,-1180.00,170.00
[2019.10.12-05.39.46:384][687]LogEditorViewport: Clicking on Actor (context menu): MagneticCube (MagneticCube25)
[2019.10.12-05.39.46:771][687]LogSlate: FSceneViewport::OnFocusLost() reason 5
[2019.10.12-05.40.03:413][488]LogSlate: FSceneViewport::OnFocusLost() reason 0
[2019.10.12-05.41.05:759][134]LogHotReload: New module detected: UE4Editor-MyProject-0017.dll
[2019.10.12-05.41.07:104][139]LogHotReload: Starting Hot-Reload from IDE
[2019.10.12-05.41.07:134][139]LogUObjectHash: Compacting FUObjectHashTables data took   1.73ms
[2019.10.12-05.41.07:299][139]LogHotReload: Re-instancing MagneticCube after hot-reload.
[2019.10.12-05.41.07:398][139]LogContentBrowser: Native class hierarchy updated for 'MyProject' in 0.0003 seconds. Added 5 classes and 2 folders.
[2019.10.12-05.41.07:401][139]Display: HotReload successful (1 functions remapped  0 scriptstructs remapped)
[2019.10.12-05.41.07:462][139]LogUObjectHash: Compacting FUObjectHashTables data took   1.40ms
[2019.10.12-05.41.07:477][139]LogContentBrowser: Native class hierarchy populated in 0.0091 seconds. Added 2869 classes and 684 folders.
[2019.10.12-05.41.07:480][139]Display: HotReload took  0.4s.
[2019.10.12-05.41.11:794][415]LogSlate: FSceneViewport::OnFocusLost() reason 0
[2019.10.12-05.41.11:953][433]LogEditor: Attempting to add actor of class 'MagneticCube' to level at 450.00,-1140.00,170.00
[2019.10.12-05.41.12:216][462]LogEditor: Attempting to add actor of class 'MagneticCube' to level at 400.00,-1060.00,170.00
[2019.10.12-05.41.15:807][888]LogSlate: FSceneViewport::OnFocusLost() reason 0
[2019.10.12-05.41.22:044][621]LogSlate: FSceneViewport::OnFocusLost() reason 0
[2019.10.12-05.41.31:876][790]LogSlate: FSceneViewport::OnFocusLost() reason 0
[2019.10.12-05.42.56:230][582]LogHotReload: New module detected: UE4Editor-MyProject-0018.dll
[2019.10.12-05.42.57:247][586]LogHotReload: Starting Hot-Reload from IDE
[2019.10.12-05.42.57:283][586]LogUObjectHash: Compacting FUObjectHashTables data took   1.76ms
[2019.10.12-05.42.57:306][586]LogHotReload: Re-instancing MagneticCube after hot-reload.
[2019.10.12-05.42.57:433][586]LogContentBrowser: Native class hierarchy updated for 'MyProject' in 0.0003 seconds. Added 5 classes and 2 folders.
[2019.10.12-05.42.57:435][586]Display: HotReload successful (1 functions remapped  0 scriptstructs remapped)
[2019.10.12-05.42.57:499][586]LogUObjectHash: Compacting FUObjectHashTables data took   1.47ms
[2019.10.12-05.42.57:515][586]LogContentBrowser: Native class hierarchy populated in 0.0096 seconds. Added 2869 classes and 684 folders.
[2019.10.12-05.42.57:517][586]Display: HotReload took  0.3s.
[2019.10.12-05.43.03:989][103]LogEditorViewport: Clicking on Component (LMB): StaticMeshComponent (Mesh)
[2019.10.12-05.43.07:846][562]LogEditorViewport: Clicking on Component (LMB): StaticMeshComponent (Mesh)
[2019.10.12-05.43.09:979][815]LogSlate: FSceneViewport::OnFocusLost() reason 0
[2019.10.12-05.43.10:346][859]Cmd: DELETE
[2019.10.12-05.43.10:346][859]Cmd: ACTOR DELETE
[2019.10.12-05.43.11:060][944]Cmd: DELETE
[2019.10.12-05.43.11:060][944]Cmd: ACTOR DELETE
[2019.10.12-05.43.11:062][944]LogEditorActor: Deleted Actor: MagneticCube
[2019.10.12-05.43.11:085][944]LogUObjectHash: Compacting FUObjectHashTables data took   1.84ms
[2019.10.12-05.43.11:085][944]LogEditorActor: Deleted 1 Actors (0.024 secs)
[2019.10.12-05.43.12:482][111]Cmd: DELETE
[2019.10.12-05.43.12:482][111]Cmd: ACTOR DELETE
[2019.10.12-05.43.12:484][111]LogEditorActor: Deleted Actor: MagneticCube
[2019.10.12-05.43.12:505][111]LogUObjectHash: Compacting FUObjectHashTables data took   0.57ms
[2019.10.12-05.43.12:506][111]LogEditorActor: Deleted 1 Actors (0.023 secs)
[2019.10.12-05.43.14:075][296]LogEditor: Attempting to add actor of class 'MagneticCube' to level at 430.00,-1040.00,170.00
[2019.10.12-05.43.14:899][391]LogEditor: Attempting to add actor of class 'MagneticCube' to level at 300.00,-1100.00,170.00
[2019.10.12-05.43.18:011][761]LogSlate: FSceneViewport::OnFocusLost() reason 0
[2019.10.12-05.44.12:458][274]Cmd: TRANSACTION UNDO
[2019.10.12-05.44.12:458][274]LogEditorTransaction: Undo Clicking on Component (tree view)
[2019.10.12-05.44.13:396][362]LogEditorViewport: Clicking on Actor (LMB): MagneticCube (MagneticCube32)
[2019.10.12-05.44.17:989][901]LogSlate: FSceneViewport::OnFocusLost() reason 0
[2019.10.12-05.44.21:481][316]Cmd: TRANSACTION UNDO
[2019.10.12-05.44.21:481][316]LogEditorTransaction: Undo Clicking on Component (tree view)
[2019.10.12-05.44.30:502][355]LogSlate: FSceneViewport::OnFocusLost() reason 2
[2019.10.12-05.44.35:520][954]LogSlate: FSceneViewport::OnFocusLost() reason 0
[2019.10.12-05.44.38:626][326]LogTemp: Repeating last play command: Selected Viewport
[2019.10.12-05.44.38:732][326]LogBlueprintUserMessages: Early PlayInEditor Detection: Level '/Game/FirstPersonCPP/Maps/FirstPersonExampleMap.FirstPersonExampleMap:PersistentLevel' has LevelScriptBlueprint '/Game/FirstPersonCPP/Maps/FirstPersonExampleMap.FirstPersonExampleMap:PersistentLevel.FirstPersonExampleMap' with GeneratedClass '/Game/FirstPersonCPP/Maps/FirstPersonExampleMap.FirstPersonExampleMap_C' with ClassGeneratedBy '/Game/FirstPersonCPP/Maps/FirstPersonExampleMap.FirstPersonExampleMap:PersistentLevel.FirstPersonExampleMap'
[2019.10.12-05.44.38:802][326]LogPlayLevel: PlayLevel: No blueprints needed recompiling
[2019.10.12-05.44.38:878][326]PIE: New page: PIE session: FirstPersonExampleMap (Oct 11, 2019, 7:44:38 PM)
[2019.10.12-05.44.39:118][326]LogOnline: OSS: Creating online subsystem instance for: NULL
[2019.10.12-05.44.39:138][326]LogPlayLevel: Creating play world package: /Game/FirstPersonCPP/Maps/UEDPIE_0_FirstPersonExampleMap
[2019.10.12-05.44.39:364][326]LogPlayLevel: PIE: StaticDuplicateObject took: (0.224655s)
[2019.10.12-05.44.39:642][326]LogAIModule: Creating AISystem for world FirstPersonExampleMap
[2019.10.12-05.44.39:704][326]LogPlayLevel: PIE: World Init took: (0.339839s)
[2019.10.12-05.44.39:721][326]LogPlayLevel: PIE: Created PIE world by copying editor world from /Game/FirstPersonCPP/Maps/FirstPersonExampleMap.FirstPersonExampleMap to /Game/FirstPersonCPP/Maps/UEDPIE_0_FirstPersonExampleMap.FirstPersonExampleMap (0.582653s)
[2019.10.12-05.44.39:755][326]LogUObjectHash: Compacting FUObjectHashTables data took   1.65ms
[2019.10.12-05.44.39:925][326]LogInit: XAudio2 using 'Speakers (High Definition Audio Device)' : 2 channels at 48 kHz using 16 bits per sample (channel mask 0x3)
[2019.10.12-05.44.39:953][326]LogInit: FAudioDevice initialized.
[2019.10.12-05.44.40:186][326]LogLoad: Game class is 'MyProjectGameMode'
[2019.10.12-05.44.40:426][326]LogWorld: Bringing World /Game/FirstPersonCPP/Maps/UEDPIE_0_FirstPersonExampleMap.FirstPersonExampleMap up for play (max tick rate 0) at 2019.10.12-00.44.40
[2019.10.12-05.44.40:571][326]LogWorld: Bringing up level for play took: 0.277517
[2019.10.12-05.44.40:664][326]LogOnline: OSS: Creating online subsystem instance for: :Context_4
[2019.10.12-05.44.41:032][326]LogContentBrowser: Native class hierarchy updated for 'MovieSceneCapture' in 0.0007 seconds. Added 20 classes and 0 folders.
[2019.10.12-05.44.41:122][326]PIE: Play in editor start time for /Game/FirstPersonCPP/Maps/UEDPIE_0_FirstPersonExampleMap 1.537
[2019.10.12-05.44.41:122][326]LogBlueprintUserMessages: Late PlayInEditor Detection: Level '/Game/FirstPersonCPP/Maps/FirstPersonExampleMap.FirstPersonExampleMap:PersistentLevel' has LevelScriptBlueprint '/Game/FirstPersonCPP/Maps/FirstPersonExampleMap.FirstPersonExampleMap:PersistentLevel.FirstPersonExampleMap' with GeneratedClass '/Game/FirstPersonCPP/Maps/FirstPersonExampleMap.FirstPersonExampleMap_C' with ClassGeneratedBy '/Game/FirstPersonCPP/Maps/FirstPersonExampleMap.FirstPersonExampleMap:PersistentLevel.FirstPersonExampleMap'
[2019.10.12-05.45.38:671][152]LogHttp: Warning: 0000028C00A35D00: invalid HTTP response code received. URL: https://datarouter.ol.epicgames.com/datarouter/api/v1/public/data?SessionID=%7B14B4843A-4AA8-3569-C0F0-00A07F3129EB%7D&AppID=UEEditor.Rocket.Release&AppVersion=4.23.0-8386587%2B%2B%2BUE4%2BRelease-4.23&UserID=ae999e8541d2460070f644b158f2b42a%7C7c5f37177b644fee89ad296b286bc11d%7Cd7cb96ce-e030-4cd2-91f1-9c08bfa13457&AppEnvironment=datacollector-binary&UploadType=eteventstream, HTTP code: 0, content length: -1, actual payload size: 0
[2019.10.12-05.45.38:672][152]LogHttp: Warning: 0000028C00A35D00: request failed, libcurl error: 0 (No error)
[2019.10.12-05.45.38:672][152]LogHttp: Warning: 0000028C00A35D00: libcurl info message cache 0 (Found bundle for host datarouter.ol.epicgames.com: 0x28c1ca4ff70 [can pipeline])
[2019.10.12-05.45.38:672][152]LogHttp: Warning: 0000028C00A35D00: libcurl info message cache 1 (Re-using existing connection! (#68) with host datarouter.ol.epicgames.com)
[2019.10.12-05.45.38:673][152]LogHttp: Warning: 0000028C00A35D00: libcurl info message cache 2 (Connected to datarouter.ol.epicgames.com (34.206.62.221) port 443 (#68))
[2019.10.12-05.45.38:673][152]LogHttp: Warning: 0000028C00A35D00: libcurl info message cache 3 (We are completely uploaded and fine)
[2019.10.12-05.45.38:673][152]LogHttp: Warning: 0000028C00A35D00: libcurl info message cache 4 (TLSv1.2 (IN), TLS alert, Client hello (1):)
[2019.10.12-05.45.38:673][152]LogHttp: Warning: 0000028C00A35D00: libcurl info message cache 5 (Connection died, retrying a fresh connect)
[2019.10.12-05.45.38:673][152]LogHttp: Warning: 0000028C00A35D00: libcurl info message cache 6 (necessary data rewind wasn't possible)
[2019.10.12-05.45.38:673][152]LogHttp: Warning: 0000028C00A35D00: libcurl info message cache 7 (Closing connection 68)
[2019.10.12-05.45.38:673][152]LogHttp: Warning: 0000028C00A35D00: libcurl info message cache 8 (TLSv1.2 (OUT), TLS alert, Client hello (1):)
[2019.10.12-05.45.38:674][152]LogHttp: Warning: Retry exhausted on https://datarouter.ol.epicgames.com/datarouter/api/v1/public/data?SessionID=%7B14B4843A-4AA8-3569-C0F0-00A07F3129EB%7D&AppID=UEEditor.Rocket.Release&AppVersion=4.23.0-8386587%2B%2B%2BUE4%2BRelease-4.23&UserID=ae999e8541d2460070f644b158f2b42a%7C7c5f37177b644fee89ad296b286bc11d%7Cd7cb96ce-e030-4cd2-91f1-9c08bfa13457&AppEnvironment=datacollector-binary&UploadType=eteventstream
[2019.10.12-05.46.14:563][450]LogBlueprintUserMessages: Early EndPlayMap Detection: Level '/Game/FirstPersonCPP/Maps/FirstPersonExampleMap.FirstPersonExampleMap:PersistentLevel' has LevelScriptBlueprint '/Game/FirstPersonCPP/Maps/FirstPersonExampleMap.FirstPersonExampleMap:PersistentLevel.FirstPersonExampleMap' with GeneratedClass '/Game/FirstPersonCPP/Maps/FirstPersonExampleMap.FirstPersonExampleMap_C' with ClassGeneratedBy '/Game/FirstPersonCPP/Maps/FirstPersonExampleMap.FirstPersonExampleMap:PersistentLevel.FirstPersonExampleMap'
[2019.10.12-05.46.14:567][450]LogSlate: Updating window title bar state: overlay mode, drag disabled, window buttons hidden, title bar hidden
[2019.10.12-05.46.14:568][450]LogWorld: BeginTearingDown for /Game/FirstPersonCPP/Maps/UEDPIE_0_FirstPersonExampleMap
[2019.10.12-05.46.14:569][450]LogWorld: UWorld::CleanupWorld for FirstPersonExampleMap, bSessionEnded=true, bCleanupResources=true
[2019.10.12-05.46.14:687][450]LogPlayLevel: Display: Shutting down PIE online subsystems
[2019.10.12-05.46.14:688][450]LogBlueprintUserMessages: Late EndPlayMap Detection: Level '/Game/FirstPersonCPP/Maps/FirstPersonExampleMap.FirstPersonExampleMap:PersistentLevel' has LevelScriptBlueprint '/Game/FirstPersonCPP/Maps/FirstPersonExampleMap.FirstPersonExampleMap:PersistentLevel.FirstPersonExampleMap' with GeneratedClass '/Game/FirstPersonCPP/Maps/FirstPersonExampleMap.FirstPersonExampleMap_C' with ClassGeneratedBy '/Game/FirstPersonCPP/Maps/FirstPersonExampleMap.FirstPersonExampleMap:PersistentLevel.FirstPersonExampleMap'
[2019.10.12-05.46.14:830][450]LogSlate: Updating window title bar state: overlay mode, drag disabled, window buttons hidden, title bar hidden
[2019.10.12-05.46.15:045][450]LogUObjectHash: Compacting FUObjectHashTables data took   7.25ms
[2019.10.12-05.46.15:109][451]LogPlayLevel: Display: Destroying online subsystem :Context_4
[2019.10.12-05.47.11:357][603]LogSlate: FSceneViewport::OnFocusLost() reason 0
