AndroidPlatformFactory.RegisterBuildPlatforms: UnrealBuildTool.AndroidPlatformSDK has no valid SDK
IOSPlatformFactory.RegisterBuildPlatforms: UnrealBuildTool.IOSPlatformSDK has no valid SDK
HTML5PlatformFactory.RegisterBuildPlatforms: UnrealBuildTool.HTML5PlatformSDK using manually installed SDK
LinuxPlatformFactory.RegisterBuildPlatforms: UnrealBuildTool.LinuxPlatformSDK has no valid SDK
WindowsPlatformFactory.RegisterBuildPlatforms: UnrealBuildTool.WindowsPlatformSDK using manually installed SDK
ProjectFileGenerator.GenerateProjectFiles: Discovering modules, targets and source code for project...
WindowsPlatform.FindVSInstallDirs: Found Visual Studio installation: C:\Program Files (x86)\Microsoft Visual Studio\2019\Community (Product=Microsoft.VisualStudio.Product.Community, Version=16.2.29306.81, Sort=0)
WindowsPlatform.FindToolChainDirs: Found Visual Studio toolchain: C:\Program Files (x86)\Microsoft Visual Studio\2019\Community\VC\Tools\MSVC\14.22.27905 (Version=14.22.27905)
DynamicCompilation.RequiresCompilation: Compiling C:\Users\kingg\Documents\GameJam2019\MyProject\Intermediate\Build\BuildRules\MyProjectModuleRules.dll: Assembly does not exist
DynamicCompilation.CompileAssembly: While compiling C:\Users\kingg\Documents\GameJam2019\MyProject\Intermediate\Build\BuildRules\MyProjectModuleRules.dll:
DynamicCompilation.CompileAssembly: error CS0042: Unexpected error creating debug information file 'c:\Users\kingg\Documents\GameJam2019\MyProject\Intermediate\Build\BuildRules\MyProjectModuleRules.PDB' -- 'Unspecified error '
UnrealBuildTool.Main: ERROR: Unable to compile source files.
UnrealBuildTool.Main: BuildException: Unable to compile source files.
UnrealBuildTool.Main:    at UnrealBuildTool.DynamicCompilation.CompileAssembly(FileReference OutputAssemblyPath, HashSet`1 SourceFileNames, List`1 ReferencedAssembies, List`1 PreprocessorDefines, Boolean TreatWarningsAsErrors) in D:\Build\++UE4\Sync\Engine\Saved\CsTools\Engine\Source\Programs\UnrealBuildTool\System\DynamicCompilation.cs:line 362
UnrealBuildTool.Main:    at UnrealBuildTool.DynamicCompilation.CompileAndLoadAssembly(FileReference OutputAssemblyPath, HashSet`1 SourceFileNames, List`1 ReferencedAssembies, List`1 PreprocessorDefines, Boolean DoNotCompile, Boolean TreatWarningsAsErrors) in D:\Build\++UE4\Sync\Engine\Saved\CsTools\Engine\Source\Programs\UnrealBuildTool\System\DynamicCompilation.cs:line 428
UnrealBuildTool.Main:    at UnrealBuildTool.RulesAssembly..ctor(RulesScope Scope, DirectoryReference BaseDir, IReadOnlyList`1 Plugins, Dictionary`2 ModuleFileToContext, List`1 TargetFiles, FileReference AssemblyFileName, Boolean bContainsEngineModules, Boolean bUseBackwardsCompatibleDefaults, Boolean bReadOnly, Boolean bSkipCompile, RulesAssembly Parent) in D:\Build\++UE4\Sync\Engine\Saved\CsTools\Engine\Source\Programs\UnrealBuildTool\System\RulesAssembly.cs:line 115
UnrealBuildTool.Main:    at UnrealBuildTool.RulesCompiler.CreateProjectRulesAssembly(FileReference ProjectFileName, Boolean bUsePrecompiled, Boolean bSkipCompile) in D:\Build\++UE4\Sync\Engine\Saved\CsTools\Engine\Source\Programs\UnrealBuildTool\System\RulesCompiler.cs:line 582
UnrealBuildTool.Main:    at UnrealBuildTool.ProjectFileGenerator.AddProjectsForAllTargets(PlatformProjectGeneratorCollection PlatformProjectGenerators, List`1 AllGames, List`1 AllTargetFiles, ProjectFile& EngineProject, ProjectFile& EnterpriseProject, List`1& GameProjects, Dictionary`2& ProgramProjects) in D:\Build\++UE4\Sync\Engine\Saved\CsTools\Engine\Source\Programs\UnrealBuildTool\ProjectFiles\ProjectFileGenerator.cs:line 2139
UnrealBuildTool.Main:    at UnrealBuildTool.ProjectFileGenerator.GenerateProjectFiles(PlatformProjectGeneratorCollection PlatformProjectGenerators, String[] Arguments) in D:\Build\++UE4\Sync\Engine\Saved\CsTools\Engine\Source\Programs\UnrealBuildTool\ProjectFiles\ProjectFileGenerator.cs:line 689
UnrealBuildTool.Main:    at UnrealBuildTool.GenerateProjectFilesMode.Execute(CommandLineArguments Arguments) in D:\Build\++UE4\Sync\Engine\Saved\CsTools\Engine\Source\Programs\UnrealBuildTool\Modes\GenerateProjectFilesMode.cs:line 172
UnrealBuildTool.Main:    at UnrealBuildTool.UnrealBuildTool.Main(String[] ArgumentsArray) in D:\Build\++UE4\Sync\Engine\Saved\CsTools\Engine\Source\Programs\UnrealBuildTool\UnrealBuildTool.cs:line 477
Timeline.Print: Timeline:
Timeline.Print: 
Timeline.Print: [ 0.000]
Timeline.Print: [ 0.000](+0.024) <unknown>
Timeline.Print: [ 0.024](+0.067) XmlConfig.ReadConfigFiles()
Timeline.Print: [ 0.092](+0.000) SingleInstanceMutex.Acquire()
Timeline.Print: [ 0.092](+0.053) UEBuildPlatform.RegisterPlatforms()
Timeline.Print:   0.092          [ 0.000](+0.024) Initializing InstalledPlatformInfo
Timeline.Print:   0.117          [ 0.024](+0.000) Querying types
Timeline.Print:   0.118          [ 0.026](+0.001) MacPlatformFactory
Timeline.Print:   0.119          [ 0.027](+0.000) TVOSPlatformFactory
Timeline.Print:   0.119          [ 0.027](+0.007) AndroidPlatformFactory
Timeline.Print:   0.127          [ 0.034](+0.000) HoloLensPlatformFactory
Timeline.Print:   0.127          [ 0.035](+0.011) IOSPlatformFactory
Timeline.Print:   0.138          [ 0.046](+0.003) HTML5PlatformFactory
Timeline.Print:   0.142          [ 0.049](+0.001) LinuxPlatformFactory
Timeline.Print:   0.143          [ 0.051](+0.000) LuminPlatformFactory
Timeline.Print:   0.144          [ 0.051](+0.001) WindowsPlatformFactory
Timeline.Print: [ 0.145](+0.214) <unknown>
Timeline.Print: [ 0.360](+0.001) Finding engine modules
Timeline.Print: [ 0.361](+0.001) Finding plugin modules
Timeline.Print: [ 0.363](+0.029) <unknown>
Timeline.Print: [ 0.393](+0.000) Finding program modules
Timeline.Print: [ 0.393](+0.000) Finding program targets
Timeline.Print: [ 0.396](+0.056) Compiling rules assembly (MyProjectModuleRules.dll)
Timeline.Print: [ 0.461](+0.000) FileMetadataPrefetch.Stop()
Timeline.Print: [ 0.463]
